ALL_HUCS
4
X
Y
Z
interp_ln_HG
2.27522e+006 648245 0 0.131365 
2.3266e+006 691436 0 0.311002 
2.41096e+006 575766 0 0.553596 
2.28894e+006 502796 0 1.36533 
2.18104e+006 333083 0 0.50829 
2.17958e+006 275289 0 0.488507 
2.1569e+006 244064 0 0.520789 
2.1709e+006 220179 0 0.499854 
2.24774e+006 89828.6 0 0.450612 
2.24504e+006 14678.5 0 0.199082 
2.1949e+006 67573.1 0 0.420679 
2.20281e+006 28159.5 0 0.264589 
2.26675e+006 35757.5 0 0.165261 
2.28734e+006 -100.653 0 -0.0295967 
2.236e+006 -26280 0 0.219103 
2.19292e+006 -65461.1 0 0.190218 
2.2418e+006 -51819.2 0 0.335632 
2.1087e+006 198173 0 0.68074 
2.12645e+006 228992 0 0.563101 
2.06292e+006 268430 0 0.355319 
2.11039e+006 321982 0 0.55059 
2.11361e+006 349771 0 0.628285 
2.13833e+006 -31746.2 0 0.0635974 
2.17208e+006 -98300.7 0 0.420027 
2.14429e+006 -142489 0 1.0276 
2.22644e+006 -81231.7 0 0.532928 
2.11649e+006 -335041 0 0.961851 
2.09876e+006 -350322 0 0.520088 
2.15935e+006 -237467 0 1.72569 
1.95824e+006 23133.6 0 0.408368 
1.93327e+006 -31868.1 0 0.401754 
1.85179e+006 -73009.9 0 0.836125 
1.87045e+006 -43401.6 0 0.794237 
1.79917e+006 -217706 0 1.11098 
1.79812e+006 -156246 0 1.34083 
1.84595e+006 -151242 0 0.951038 
1.85381e+006 -193870 0 0.830873 
1.85759e+006 -119807 0 0.850025 
1.9155e+006 -141692 0 0.582308 
1.92501e+006 -202564 0 0.56568 
1.82815e+006 -251658 0 0.761656 
1.82252e+006 -302968 0 0.561452 
1.8773e+006 -251394 0 0.631687 
1.93467e+006 -252427 0 0.276324 
1.98549e+006 -277902 0 0.361179 
2.04735e+006 -413700 0 0.36812 
1.98846e+006 -335515 0 0.266132 
2.01617e+006 -402250 0 0.339909 
2.06528e+006 -388779 0 0.165616 
1.99572e+006 -402916 0 0.430987 
2.07051e+006 -426173 0 0.540127 
2.13656e+006 -414704 0 1.26209 
1.79231e+006 -381416 0 0.343417 
1.83024e+006 -388060 0 0.433971 
1.87483e+006 -346232 0 0.539957 
1.8334e+006 -503663 0 0.405003 
1.83734e+006 -453534 0 0.436523 
1.88506e+006 -404108 0 0.546008 
1.92225e+006 -392345 0 0.570771 
1.93177e+006 -335485 0 0.412899 
1.99896e+006 -463796 0 0.657606 
2.09179e+006 -535422 0 1.27247 
2.05646e+006 -553410 0 1.07111 
1.89628e+006 -471472 0 0.519545 
2.00887e+006 -501930 0 0.735909 
1.97594e+006 -512465 0 0.643402 
1.94826e+006 -528679 0 0.546108 
2.04926e+006 -560439 0 1.03923 
2.07796e+006 -588213 0 1.32232 
2.11314e+006 -511415 0 1.35256 
2.11992e+006 -513972 0 1.38126 
1.75984e+006 -586105 0 0.419905 
1.79661e+006 -563424 0 0.333127 
1.85072e+006 -582061 0 0.298745 
1.87278e+006 -528774 0 0.394342 
1.92254e+006 -566720 0 0.382073 
2.01841e+006 -576252 0 0.824795 
1.92948e+006 -601509 0 0.300067 
2.08085e+006 -614371 0 1.44486 
1.78625e+006 -655023 0 0.305494 
1.78065e+006 -725977 0 0.376187 
1.85718e+006 -713061 0 0.319756 
1.84209e+006 -678890 0 0.214704 
1.94587e+006 -682139 0 0.373087 
2.04236e+006 -716951 0 1.15526 
2.03267e+006 -613702 0 1.0253 
1.97792e+006 -663738 0 0.498182 
2.11775e+006 -677751 0 1.59974 
1.94926e+006 -736671 0 0.533744 
1.97795e+006 -713504 0 0.585472 
2.09656e+006 -766495 0 1.16536 
2.14453e+006 -761785 0 1.27492 
2.06944e+006 -846377 0 0.912073 
2.03666e+006 -807416 0 0.709376 
2.08198e+006 -826416 0 0.956265 
2.05145e+006 -875303 0 0.852449 
1.84687e+006 -773316 0 0.523097 
1.84221e+006 -817990 0 0.606319 
1.89994e+006 -846302 0 0.710841 
1.98106e+006 -922607 0 0.812398 
1.96582e+006 -871346 0 0.723667 
2.01568e+006 -877607 0 0.822849 
1.71886e+006 -779650 0 0.574284 
1.72428e+006 -817658 0 0.501347 
1.7875e+006 -824833 0 0.50457 
1.81623e+006 -874421 0 0.674873 
1.77092e+006 -881059 0 0.60547 
1.85301e+006 -953687 0 0.835834 
1.82599e+006 -978955 0 0.876303 
1.90361e+006 -911601 0 0.892778 
1.89671e+006 -953695 0 0.840982 
1.8512e+006 -1.0301e+006 0 1.00566 
1.95676e+006 -968678 0 0.850883 
1.98552e+006 -978772 0 0.786798 
1.63251e+006 -854714 0 0.549042 
1.68729e+006 -867862 0 0.493198 
1.74137e+006 -931001 0 0.556719 
1.77208e+006 -996089 0 0.823685 
1.65086e+006 -908204 0 0.393592 
1.71594e+006 -982737 0 0.519031 
1.65128e+006 -956392 0 0.254989 
1.65405e+006 -978391 0 0.176091 
1.76214e+006 -1.04047e+006 0 0.981737 
1.81487e+006 -1.06436e+006 0 1.18799 
1.88359e+006 -1.07403e+006 0 1.05257 
1.87073e+006 -1.10231e+006 0 1.16671 
1.85305e+006 -1.13581e+006 0 1.25334 
1.76306e+006 -1.12734e+006 0 1.32924 
1.79864e+006 -1.17733e+006 0 1.29477 
1.5665e+006 -974182 0 0.592906 
1.53352e+006 -989685 0 0.748904 
1.60461e+006 -1.04033e+006 0 0.51107 
1.55318e+006 -1.05262e+006 0 0.777957 
1.60645e+006 -1.10003e+006 0 0.728058 
1.69277e+006 -1.11917e+006 0 0.96643 
1.65854e+006 -1.06332e+006 0 0.548628 
1.67237e+006 -1.14329e+006 0 0.970842 
1.76137e+006 -1.20389e+006 0 1.2058 
1.63755e+006 -1.15782e+006 0 0.901999 
1.72704e+006 -1.21114e+006 0 1.13475 
1.70827e+006 -1.23705e+006 0 1.17039 
1.77185e+006 -1.28146e+006 0 1.14946 
1.5345e+006 -1.11119e+006 0 0.898502 
1.59535e+006 -1.20921e+006 0 0.902767 
1.49705e+006 -1.15719e+006 0 0.9092 
1.57136e+006 -1.2723e+006 0 0.841563 
1.60643e+006 -1.26507e+006 0 0.930492 
1.70809e+006 -1.29405e+006 0 1.23225 
1.65391e+006 -1.22587e+006 0 1.03002 
1.67696e+006 -1.34805e+006 0 1.22549 
1.69138e+006 -1.3157e+006 0 1.25358 
1.76085e+006 -1.35574e+006 0 1.28564 
1.76078e+006 -1.41809e+006 0 1.38667 
1.75852e+006 -1.57681e+006 0 0.594673 
1.78369e+006 -1.4937e+006 0 0.838607 
1.83385e+006 -1.52803e+006 0 0.581375 
1.90157e+006 -1.62731e+006 0 0.457291 
1.93396e+006 -1.70622e+006 0 0.558954 
1.91867e+006 -1.76075e+006 0 0.478686 
1.87514e+006 -1.7884e+006 0 0.5558 
1.92114e+006 -1.79893e+006 0 0.282432 
2.00909e+006 -1.96926e+006 0 0.192399 
1.88266e+006 -1.90158e+006 0 0.26034 
1.85967e+006 -1.83685e+006 0 0.450746 
1.81594e+006 -1.7626e+006 0 0.788094 
1.78135e+006 -1.79516e+006 0 0.748494 
1.80411e+006 -1.84681e+006 0 0.625667 
1.75888e+006 -1.8024e+006 0 0.762842 
1.76123e+006 -1.76751e+006 0 0.793349 
1.76449e+006 -1.74833e+006 0 0.802443 
1.77902e+006 -1.72389e+006 0 0.803 
1.75794e+006 -1.69447e+006 0 0.774022 
1.73609e+006 -1.7264e+006 0 0.815174 
1.71987e+006 -1.6656e+006 0 0.768325 
1.76016e+006 -1.6365e+006 0 0.664429 
1.6883e+006 -1.57181e+006 0 0.804863 
1.56842e+006 -1.46455e+006 0 1.04214 
1.67076e+006 -1.41821e+006 0 1.25752 
1.57013e+006 -1.32409e+006 0 0.7217 
1.56527e+006 -1.37337e+006 0 0.584824 
1.6488e+006 -1.51285e+006 0 1.06126 
1.52957e+006 -1.48443e+006 0 1.14471 
1.53054e+006 -1.41088e+006 0 0.275112 
1.49307e+006 -1.48419e+006 0 1.14193 
1.41607e+006 -1.30117e+006 0 0.418388 
1.42739e+006 -1.40069e+006 0 0.255736 
1.46319e+006 -1.20653e+006 0 0.766213 
1.482e+006 -1.31013e+006 0 0.394069 
1.45158e+006 -1.51653e+006 0 1.51887 
1.41987e+006 -1.46881e+006 0 0.847578 
1.44931e+006 -1.5803e+006 0 1.66576 
1.40054e+006 -1.52245e+006 0 1.21626 
1.32142e+006 -1.50138e+006 0 0.885592 
1.30129e+006 -1.46068e+006 0 0.746259 
1.26131e+006 -1.47562e+006 0 0.733169 
1.26305e+006 -1.51885e+006 0 0.818544 
1.19887e+006 -1.49761e+006 0 0.73888 
1.21191e+006 -1.53538e+006 0 0.686081 
1.37407e+006 -1.3957e+006 0 0.511455 
1.34411e+006 -1.38942e+006 0 0.561126 
1.37026e+006 -1.4727e+006 0 0.867364 
1.31662e+006 -1.37543e+006 0 0.54768 
1.3018e+006 -1.36637e+006 0 0.539297 
1.268e+006 -1.38778e+006 0 0.573682 
1.24042e+006 -1.43206e+006 0 0.628921 
1.21821e+006 -1.46659e+006 0 0.633956 
1.38913e+006 -1.00338e+006 0 0.925121 
1.41456e+006 -1.0302e+006 0 1.05984 
1.36948e+006 -1.05055e+006 0 1.21584 
1.41944e+006 -1.06938e+006 0 1.15528 
1.2957e+006 -1.14298e+006 0 1.00266 
1.27777e+006 -1.22963e+006 0 0.483818 
1.36277e+006 -1.14963e+006 0 1.06099 
1.33809e+006 -1.22078e+006 0 0.680497 
1.34257e+006 -1.28535e+006 0 0.533187 
1.26753e+006 -1.30072e+006 0 0.440702 
1.21197e+006 -1.34277e+006 0 0.539099 
1.06927e+006 -1.12621e+006 0 0.614854 
1.03858e+006 -1.12555e+006 0 0.584522 
1.10666e+006 -1.14031e+006 0 0.621517 
1.03706e+006 -1.18621e+006 0 0.57182 
1.10773e+006 -1.1789e+006 0 0.598654 
1.10947e+006 -1.24219e+006 0 0.619521 
1.137e+006 -1.19524e+006 0 0.56965 
1.06243e+006 -1.25235e+006 0 0.637979 
1.22982e+006 -1.10768e+006 0 0.98236 
1.18144e+006 -1.11533e+006 0 0.81013 
1.239e+006 -1.14189e+006 0 0.828454 
1.17785e+006 -1.19815e+006 0 0.48935 
1.16345e+006 -1.26515e+006 0 0.522075 
1.08936e+006 -1.30465e+006 0 0.761481 
1.16603e+006 -1.5337e+006 0 0.779388 
1.04826e+006 -1.32817e+006 0 0.71846 
1.07541e+006 -1.37839e+006 0 0.793838 
1.09058e+006 -1.4497e+006 0 0.751157 
1.00205e+006 -1.40479e+006 0 0.632842 
1.04872e+006 -1.42708e+006 0 0.701329 
1.09835e+006 -1.53902e+006 0 0.700148 
1.04081e+006 -1.48968e+006 0 0.635172 
1.11814e+006 -1.48884e+006 0 0.764635 
1.0486e+006 -1.54045e+006 0 0.594154 
1.00771e+006 -1.28903e+006 0 0.620262 
954091 -1.36404e+006 0 0.561018 
947969 -1.43284e+006 0 0.526745 
987313 -1.51168e+006 0 0.528993 
937985 -1.48581e+006 0 0.48008 
630349 269811 0 0.117747 
715287 197355 0 0.397875 
991054 234370 0 -0.0137488 
1.12022e+006 257186 0 -0.433158 
1.16945e+006 267543 0 -0.580543 
1.0097e+006 316887 0 0.0699892 
989319 55019.9 0 -0.382949 
934175 28698.8 0 -0.249197 
876378 191842 0 0.0768759 
968151 162313 0 0.0884499 
1.03103e+006 188649 0 -0.0834384 
939502 -4642.72 0 -0.429261 
1.24442e+006 -95969 0 -0.667292 
1.14656e+006 36319.3 0 -0.982516 
1.05905e+006 230587 0 -0.220462 
1.09755e+006 215007 0 -0.417809 
1.05697e+006 -26085.1 0 -0.573313 
1.20283e+006 252390 0 -0.718152 
1.17848e+006 237117 0 -0.704104 
1.28465e+006 158509 0 -0.903542 
1.22607e+006 151765 0 -0.911508 
1.27969e+006 45826.9 0 -1.02929 
1.27466e+006 -5431.55 0 -1.15878 
1.33501e+006 -4460.04 0 -0.806514 
1.38414e+006 -1530.82 0 -0.533914 
1.32913e+006 -79040.3 0 -0.618657 
1.34774e+006 -33774.8 0 -0.642476 
1.29775e+006 -40916.3 0 -0.904682 
1.32431e+006 113963 0 -0.855075 
1.39098e+006 -62064.5 0 -0.265057 
1.39271e+006 -137372 0 -0.114517 
1.36635e+006 -152914 0 -0.368067 
1.35435e+006 -209451 0 -0.436398 
1.2837e+006 -357474 0 1.43127 
1.29328e+006 -254155 0 0.300369 
1.31057e+006 -331818 0 1.24951 
1.35971e+006 -317004 0 0.761366 
1.33331e+006 -269726 0 0.300076 
1.37544e+006 -262866 0 0.300243 
1.41216e+006 -291460 0 0.585525 
1.45427e+006 -271038 0 0.716493 
1.49544e+006 -251846 0 1.02667 
1.54137e+006 -205234 0 0.995911 
1.64235e+006 -118759 0 0.837232 
1.73424e+006 -53809.6 0 1.14719 
1.7265e+006 -26226.6 0 1.03523 
1.72936e+006 4786.24 0 0.868493 
1.53741e+006 -159495 0 0.640054 
1.74162e+006 37584.6 0 0.785994 
1.79384e+006 -48850.1 0 0.943406 
1.79086e+006 12065.6 0 0.752915 
1.84067e+006 62287.5 0 0.731376 
1.90904e+006 133435 0 0.476465 
1.87608e+006 22339.2 0 0.341683 
1.93663e+006 90343.1 0 0.477195 
1.8878e+006 87749.6 0 0.421861 
1.88906e+006 177983 0 0.405979 
1.79847e+006 89410.7 0 0.693062 
1.91086e+006 243559 0 0.0892662 
1.92439e+006 193724 0 0.445782 
1.98571e+006 275336 0 -0.242223 
1.75179e+006 -106918 0 1.38072 
1.70115e+006 -96696.9 0 1.18537 
1.69333e+006 -172302 0 1.31025 
1.64992e+006 -156236 0 0.890886 
1.73416e+006 -230385 0 1.02037 
1.76935e+006 -289298 0 0.509803 
1.73265e+006 -295129 0 0.267339 
1.719e+006 -460076 0 0.448152 
1.68422e+006 -444613 0 0.523724 
1.69698e+006 -399475 0 0.413158 
1.7446e+006 -431016 0 0.359788 
1.63714e+006 -300784 0 0.448919 
1.62518e+006 -212352 0 0.631061 
1.59244e+006 -245639 0 0.825283 
1.64341e+006 -266999 0 0.405112 
1.66728e+006 -248482 0 0.355143 
1.63503e+006 -364446 0 0.513129 
1.62088e+006 -420783 0 0.658115 
1.56297e+006 -491057 0 0.637479 
1.63376e+006 -482888 0 0.703239 
1.5153e+006 -443423 0 0.674792 
1.56118e+006 -312309 0 0.906359 
1.47889e+006 -312640 0 0.843471 
1.5188e+006 -325318 0 0.860874 
1.53869e+006 -406894 0 0.689705 
1.56674e+006 -378164 0 0.699609 
1.48656e+006 -385684 0 0.720906 
1.68967e+006 -725206 0 0.615011 
1.67955e+006 -660029 0 0.617334 
1.72389e+006 -569677 0 0.498226 
1.66015e+006 -605002 0 0.60418 
1.68204e+006 -559316 0 0.566067 
1.6235e+006 -582650 0 0.768716 
1.66087e+006 -529506 0 0.593382 
1.58012e+006 -539920 0 0.645264 
1.60279e+006 -600670 0 0.731809 
1.42627e+006 -382695 0 0.739207 
1.4529e+006 -524700 0 0.63994 
1.42011e+006 -476280 0 0.692798 
1.61114e+006 -638602 0 0.73721 
1.56005e+006 -587939 0 0.654666 
1.57898e+006 -655648 0 0.752596 
1.5643e+006 -699514 0 0.609535 
1.51908e+006 -660619 0 0.584709 
1.50687e+006 -608761 0 0.440728 
1.5211e+006 -518000 0 0.497794 
1.53939e+006 -600623 0 0.566452 
1.48507e+006 -553963 0 0.543604 
1.48552e+006 -596265 0 0.541961 
1.41163e+006 -550419 0 0.676731 
1.30282e+006 -544864 0 0.53069 
1.41838e+006 -609764 0 0.636653 
1.37382e+006 -616010 0 0.772767 
1.48763e+006 -699792 0 0.669398 
1.46996e+006 -722453 0 0.719958 
1.44478e+006 -726261 0 0.680513 
1.42069e+006 -674594 0 0.8497 
1.34267e+006 -646357 0 0.790068 
1.26977e+006 -748582 0 0.594222 
1.23114e+006 -808239 0 0.609727 
1.16174e+006 -780972 0 0.631133 
1.18836e+006 -731227 0 0.723063 
1.12354e+006 -730235 0 0.807064 
1.12382e+006 -780028 0 0.660889 
1.23945e+006 -382038 0 1.20243 
1.14402e+006 -391695 0 0.424205 
1.06165e+006 -668041 0 0.66267 
1.23667e+006 -498834 0 0.195732 
1.4374e+006 -775401 0 0.621936 
1.39981e+006 -726369 0 0.766376 
1.33776e+006 -774325 0 0.674424 
1.37676e+006 -821860 0 0.704406 
1.32884e+006 -832307 0 0.608603 
1.29115e+006 -850709 0 0.569333 
1.28847e+006 -936459 0 0.515125 
1.30153e+006 -897300 0 0.481133 
1.23239e+006 -863412 0 0.571015 
1.18214e+006 -883131 0 0.569862 
1.23095e+006 -910827 0 0.58196 
1.17313e+006 -911980 0 0.547203 
1.09566e+006 -840588 0 0.58795 
1.15662e+006 -839957 0 0.588525 
1.25836e+006 -613382 0 0.767432 
1.27981e+006 -659905 0 0.768816 
1.29275e+006 -699519 0 0.684261 
1.1464e+006 -688904 0 0.99916 
1.08575e+006 -705332 0 0.76355 
1.0834e+006 -775748 0 0.620058 
987471 -797735 0 0.212938 
1.6011e+006 -737793 0 0.631174 
1.60601e+006 -758093 0 0.622992 
1.60845e+006 -794186 0 0.634575 
1.49917e+006 -818657 0 0.514176 
1.56655e+006 -883795 0 0.522719 
1.53383e+006 -888389 0 0.587728 
1.48876e+006 -868481 0 0.568241 
1.56447e+006 -827516 0 0.539092 
1.41934e+006 -893697 0 0.584555 
1.50066e+006 -939967 0 0.673006 
1.52013e+006 -915888 0 0.630028 
1.44473e+006 -922794 0 0.648056 
1.53594e+006 -762184 0 0.61617 
1.48752e+006 -780355 0 0.650699 
1.42611e+006 -858828 0 0.561094 
1.36898e+006 -872258 0 0.552795 
1.35004e+006 -977676 0 0.64694 
1.43099e+006 -960687 0 0.767027 
1.43099e+006 -989771 0 0.889773 
1.28783e+006 -1.04048e+006 0 1.10231 
1.24348e+006 -985736 0 0.823621 
1.178e+006 -1.00623e+006 0 0.763142 
1.12686e+006 -1.04419e+006 0 0.645707 
1.11099e+006 -1.08566e+006 0 0.648476 
1.07865e+006 -989115 0 0.519345 
1.22296e+006 -955296 0 0.685155 
1.14282e+006 -939175 0 0.479623 
1.07089e+006 -893030 0 0.533723 
1.03326e+006 -838330 0 0.490484 
448426 110574 0 -1.24864 
405705 85230.4 0 -1.0037 
500951 111218 0 -0.437288 
261667 44098.9 0 0.963438 
291828 -13479.4 0 0.868455 
311913 -80454.6 0 0.749917 
436434 -58628.2 0 0.845128 
375577 -72662.8 0 0.799358 
465724 -134964 0 0.84415 
427725 -100234 0 0.853662 
585339 -12654.7 0 -0.215501 
656481 -47867.6 0 0.0975862 
589731 -66645.7 0 0.0683215 
691938 -37990.5 0 0.0322968 
721607 -80664.4 0 -0.283444 
739930 -11001.3 0 -0.21061 
640523 -107215 0 0.082837 
736154 92813.2 0 -0.136505 
711434 17862.7 0 0.123453 
710507 -138891 0 -0.196419 
655590 -142864 0 0.0726296 
752037 -205278 0 -0.146147 
671519 -190496 0 0.0229493 
738421 -259312 0 -0.0848746 
800139 -108970 0 -0.756403 
796914 -147122 0 -0.544183 
748716 -120225 0 -0.426361 
780167 -338627 0 0.0770717 
651643 -220928 0 0.165157 
763074 -307479 0 0.0129576 
557288 -325786 0 0.657238 
615463 -354540 0 0.481511 
688322 -402735 0 0.481883 
580747 -153713 0 0.305753 
565470 -177417 0 0.394976 
530979 -168106 0 0.622831 
560675 -219591 0 0.33372 
630466 -269931 0 0.204503 
726478 -323908 0 -0.0755049 
540878 -246551 0 0.565874 
627975 -313084 0 0.37201 
686371 -355659 0 0.264535 
891556 -124725 0 -0.533206 
834541 -215526 0 -0.406122 
858693 -195093 0 -0.601994 
859441 -289079 0 -0.0734844 
854833 -332606 0 0.415396 
358043 -112935 0 0.809639 
433388 -193815 0 0.897092 
505654 -329466 0 0.928722 
500553 -229726 0 0.778586 
444954 -286996 0 0.919322 
453589 -340638 0 0.948216 
527057 -387004 0 0.769301 
632945 -421038 0 0.655156 
703829 -479973 0 1.1087 
667071 -484958 0 1.02511 
680299 -514561 0 1.09517 
757259 -562475 0 1.31179 
664868 -538992 0 1.17817 
678133 -589341 0 1.11528 
730492 -576316 0 1.29318 
760173 -618943 0 0.98378 
828990 -630408 0 0.962617 
1.02168e+006 -285597 0 0.932138 
967148 -348284 0 0.124818 
955904 -389375 0 -0.264209 
862889 -504903 0 0.116247 
920321 -471124 0 -0.456912 
857681 -584349 0 0.739751 
775670 -738720 0 0.637545 
753720 -712514 0 0.831589 
817713 -732438 0 0.571892 
886542 -796707 0 0.0800558 
958074 -795420 0 0.0480027 
901865 -1.01434e+006 0 0.518533 
996020 -852869 0 0.432549 
984653 -897107 0 0.529468 
1.02267e+006 -918767 0 0.570253 
994759 -946986 0 0.670794 
1.00492e+006 -977078 0 0.717011 
946959 -942266 0 0.633385 
1.03472e+006 -1.04923e+006 0 0.615248 
944875 -1.01832e+006 0 0.63519 
920539 -1.05412e+006 0 0.52172 
855865 -1.13588e+006 0 0.529298 
945919 -846691 0 0.251694 
843075 -796136 0 0.285334 
871319 -1.049e+006 0 0.566939 
906055 -896593 0 0.389877 
834769 -1.03743e+006 0 0.460502 
754575 -1.0709e+006 0 0.594848 
822158 -993287 0 0.455272 
811508 -1.1351e+006 0 0.540182 
831010 -1.10123e+006 0 0.528005 
770377 -1.1525e+006 0 0.459399 
757626 -1.11972e+006 0 0.459048 
832618 -1.2745e+006 0 0.4731 
983675 -1.10195e+006 0 0.531316 
908926 -1.15824e+006 0 0.487808 
961048 -1.13962e+006 0 0.523733 
918542 -1.0923e+006 0 0.510017 
965424 -1.18272e+006 0 0.550416 
915251 -1.26408e+006 0 0.574268 
871461 -1.22607e+006 0 0.468114 
872164 -1.34015e+006 0 0.4523 
847529 -1.2847e+006 0 0.468362 
596737 -1.13441e+006 0 0.852501 
647109 -1.18369e+006 0 0.787664 
607992 -1.20221e+006 0 0.866354 
686504 -1.24357e+006 0 0.862562 
729648 -1.29905e+006 0 0.552671 
685003 -1.14521e+006 0 0.749801 
741988 -1.22908e+006 0 0.621762 
772184 -1.23596e+006 0 0.464873 
684856 -1.322e+006 0 0.874299 
740247 -1.37719e+006 0 0.783308 
766760 -1.48865e+006 0 0.559015 
728890 -1.40139e+006 0 0.788191 
693387 -1.39707e+006 0 0.83956 
741577 -1.45221e+006 0 0.708537 
784600 -1.46707e+006 0 0.573941 
800706 -1.46048e+006 0 0.575229 
785008 -1.3234e+006 0 0.466804 
816186 -1.31718e+006 0 0.504484 
823518 -1.379e+006 0 0.48369 
844864 -1.38963e+006 0 0.441977 
975389 -1.24071e+006 0 0.557281 
910982 -1.33729e+006 0 0.551786 
887025 -1.4058e+006 0 0.563023 
840536 -1.43606e+006 0 0.43718 
864655 -1.45738e+006 0 0.391466 
836423 -1.49274e+006 0 0.33896 
848378 -1.56659e+006 0 0.395776 
836525 -1.52483e+006 0 0.423685 
877948 -1.53203e+006 0 0.332606 
906319 -1.54265e+006 0 0.44293 
910004 -1.59281e+006 0 0.394761 
922997 -1.51968e+006 0 0.46008 
834589 -1.57733e+006 0 0.358354 
818327 -1.59294e+006 0 0.30704 
763925 -1.5541e+006 0 0.264644 
783287 -1.63123e+006 0 0.282971 
638509 -1.58731e+006 0 1.22091 
645262 -1.64031e+006 0 1.03511 
1.06162e+006 -1.69869e+006 0 0.652759 
964142 -1.55508e+006 0 0.466342 
960111 -1.59087e+006 0 0.424077 
1.00241e+006 -1.62266e+006 0 0.41516 
950748 -1.64927e+006 0 0.445316 
-201822 425760 0 1.54284 
-46489.3 330623 0 1.3926 
-3877.63 401565 0 1.16799 
-85798.1 393196 0 1.45988 
262885 109998 0 0.625067 
291946 92716.7 0 0.514288 
256710 185875 0 0.872304 
207699 134226 0 0.738978 
180090 292937 0 0.772023 
79269.6 371145 0 1.1874 
8012.62 320198 0 1.2652 
123924 283047 0 0.841048 
145061 206044 0 0.82843 
187382 211015 0 0.847784 
391599 347352 0 -0.156094 
324682 313494 0 0.693323 
234251 342722 0 0.82724 
184514 337099 0 0.714265 
168744 362081 0 0.722472 
252595 368977 0 0.744065 
166159 394345 0 0.680309 
225088 409675 0 0.503551 
257299 424023 0 0.52721 
112816 430577 0 0.704317 
309155 429619 0 0.620219 
560414 356156 0 0.136135 
442778 403412 0 0.182987 
515720 350448 0 -0.0551688 
393916 398234 0 0.201779 
386440 419644 0 0.316326 
362449 449071 0 0.430559 
-988140 508308 0 -0.453353 
-998622 50933.7 0 0.927138 
-992232 96950.5 0 1.07233 
-947493 90925.4 0 0.989727 
-1.02362e+006 153260 0 1.19476 
-932946 159328 0 1.2112 
-935109 201838 0 1.26914 
-870308 114614 0 0.985246 
-892376 229433 0 1.04067 
-860487 331635 0 0.6187 
-848647 262403 0 0.968944 
-926512 358464 0 0.251637 
-816622 300526 0 0.86206 
-933467 483828 0 -0.482011 
-846171 431930 0 0.313556 
-843849 466573 0 0.287162 
-886629 387206 0 0.141653 
-723935 361785 0 0.907896 
-770128 323234 0 0.918992 
-747045 277200 0 1.00032 
-573223 325639 0 1.10191 
-525396 277823 0 1.21892 
-488130 244257 0 1.2491 
-736745 201606 0 1.11493 
-624540 213110 0 1.09928 
-658125 243917 0 1.11912 
-664863 272619 0 1.09266 
-607713 280408 0 1.13729 
-952845 506987 0 -0.431911 
-742653 458028 0 0.772442 
-732036 484913 0 0.795593 
-649403 426611 0 0.902789 
-747422 412356 0 0.793502 
-777532 462550 0 0.688873 
-700623 471388 0 0.8994 
-674460 468154 0 0.957678 
-647836 389812 0 0.925953 
-614510 454370 0 0.934807 
-564948 455704 0 0.919035 
-509492 382328 0 1.09558 
-535189 443692 0 0.952225 
-575451 376390 0 0.947749 
-507304 442858 0 1.07529 
-471377 414497 0 1.0921 
-435318 360948 0 1.30353 
-407672 298595 0 1.33548 
-400162 417363 0 1.31048 
-437800 430176 0 1.2926 
-337209 350064 0 1.40975 
-342799 409435 0 1.41248 
-295635 430337 0 1.4415 
-802322 119078 0 1.08241 
-820598 162663 0 1.08737 
-706876 126248 0 1.24787 
-759527 86324.2 0 1.19036 
-727377 48602.2 0 1.35226 
-634552 147123 0 1.17699 
-655155 93159.9 0 1.28542 
-752106 -133253 0 0.712906 
-735395 -178914 0 0.872606 
-717356 -212211 0 0.967507 
-642734 -200146 0 1.01768 
-671027 -156778 0 0.964005 
-618287 -156271 0 1.13451 
-667803 -89540.5 0 1.14768 
-596227 -81821.3 0 1.15471 
-716960 -55177.4 0 1.06861 
-689154 -25178.5 0 1.38205 
-772152 -12351.8 0 0.789947 
-761140 -46676.4 0 0.685171 
-597518 96882.5 0 1.14006 
-586108 50511.7 0 1.04897 
-467179 97328 0 1.24411 
-558752 -119583 0 1.12158 
-485670 -78060.5 0 1.35739 
-561249 -170565 0 1.12213 
-510078 -161809 0 1.41769 
-527199 -67783.1 0 1.10656 
-527627 -28951.2 0 0.947675 
-451439 28414.3 0 1.34916 
-422788 -5266.25 0 1.59061 
-394658 118254 0 1.5285 
-422841 103555 0 1.40289 
-506478 176259 0 1.20542 
-547220 209583 0 1.19288 
-522567 99490.9 0 1.10455 
-360990 161848 0 1.53213 
-263258 391032 0 1.4589 
-339747 60687.4 0 1.91862 
-347130 79659.5 0 1.79613 
-278229 196899 0 1.56774 
-306752 226009 0 1.49917 
-233474 288603 0 1.46022 
-455098 -156645 0 1.67171 
-447782 -181370 0 1.71106 
-394157 -139319 0 2.19949 
-369736 -200349 0 2.38721 
-414799 -201002 0 1.9597 
-340504 -119705 0 2.48612 
-313023 -218059 0 2.61341 
-269644 -101796 0 1.98349 
-185424 -16087.8 0 2.44241 
-402836 -76045.5 0 1.96669 
-322811 -53880.8 0 2.48345 
-67937.5 258961 0 1.35127 
-37518.3 105948 0 1.30827 
4153.2 207615 0 1.31906 
8609.14 141786 0 1.24271 
-38422.7 -12054.6 0 1.57702 
32010.7 80415 0 1.34522 
-170719 247169 0 1.43522 
-204756 204765 0 1.50988 
-118174 193494 0 1.44472 
-180927 159985 0 1.50679 
-177128 129414 0 1.52708 
-84774 151466 0 1.38977 
-242210 115013 0 1.80019 
-240645 76912.4 0 1.99586 
-124915 79958.9 0 1.2993 
-271955 21516.6 0 2.51803 
-218768 34803.5 0 2.19456 
59127.1 -144293 0 1.2374 
-99924.1 -97191.9 0 2.18094 
16894.6 -41830.1 0 1.4835 
-4287.96 -115346 0 1.46879 
75572.4 -96216.9 0 1.30676 
-226721 -207199 0 1.51927 
-122846 -157409 0 1.72904 
-98831.4 -193564 0 1.38929 
-11588.8 -157136 0 1.41027 
81630.6 -221056 0 1.16174 
-320337 -263695 0 1.98567 
-207295 -276148 0 1.22985 
-34936.6 -255568 0 0.905751 
-121075 -266978 0 0.89151 
782.719 -215919 0 1.15978 
123841 -263880 0 1.09197 
52380.7 279020 0 1.02617 
59577.4 245787 0 1.21699 
127924 157154 0 0.875967 
97215.6 117822 0 1.13204 
159728 52717.7 0 0.926844 
143601 -42583.9 0 0.885999 
49933.4 38440.6 0 1.23527 
83924.2 27888.6 0 1.1926 
74905.6 -32431.2 0 1.32791 
197877 47755.6 0 0.862657 
167151 -149121 0 0.950402 
192562 -239929 0 0.97715 
228712 -169233 0 1.00389 
208226 -66296.4 0 1.01872 
205430 -22562.9 0 1.04826 
245286 -36906 0 0.819743 
272603 -155560 0 0.872816 
318697 -152742 0 0.886759 
-534005 -465120 0 0.221526 
-567342 -374863 0 0.722538 
-563396 -290964 0 1.10379 
-518019 -334141 0 0.895838 
-502990 -290907 0 1.19326 
-645235 -247701 0 1.03516 
-515229 -225707 0 1.33571 
-422128 -260772 0 1.62918 
-282077 -340691 0 1.25477 
-489797 -398226 0 0.584054 
-433407 -326960 0 1.147 
-379607 -364981 0 1.02474 
-301710 -376201 0 1.07504 
-129891 -397070 0 0.265225 
-498242 -638115 0 0.383838 
-452721 -608205 0 0.845954 
-390191 -548852 0 0.55743 
-407931 -450086 0 0.452179 
-386616 -443682 0 0.638905 
-375249 -585016 0 0.635868 
-354514 -592702 0 0.627804 
-284169 -489731 0 0.743603 
-308015 -569366 0 0.681196 
-319192 -467896 0 0.733533 
-381063 -406086 0 0.841092 
-281030 -412422 0 0.87271 
-307346 -429903 0 0.892299 
5883.2 -451384 0 0.954207 
79103.4 -465807 0 1.31262 
163534 -426341 0 1.37462 
221719 -380919 0 1.2183 
308259 -416042 0 1.45463 
-112360 -323054 0 0.482864 
14272 -414383 0 1.05178 
35392.6 -400468 0 1.21891 
93074.6 -380307 0 1.45315 
184197 -386652 0 1.29007 
110456 -304780 0 1.23195 
196100 -299712 0 1.06146 
255444 -305722 0 0.939197 
318667 -317539 0 1.03409 
323770 -218789 0 0.893027 
372081 -207999 0 0.885378 
324955 -275375 0 0.940456 
368075 -276507 0 0.954905 
342432 -388978 0 1.23291 
376933 -321934 0 1.01067 
349616 -442902 0 1.31695 
388703 -391011 0 1.11075 
413849 -393662 0 1.06246 
370216 -477115 0 1.20435 
397852 -512345 0 1.14147 
327740 -483639 0 1.36733 
334584 -548163 0 1.19405 
344103 -523495 0 1.24532 
434426 -414097 0 1.04521 
430015 -482046 0 1.0849 
433806 -592447 0 1.01447 
462438 -538368 0 1.09393 
442786 -486283 0 1.07389 
-245254 -586611 0 0.639313 
-219921 -531809 0 0.699083 
-212919 -609023 0 0.652733 
-88423.1 -527357 0 0.638135 
-164559 -495356 0 0.519222 
-152423 -469259 0 0.400817 
-81943.5 -480421 0 0.640235 
-49548.8 -477727 0 0.787519 
16839.8 -513332 0 0.998187 
-100552 -606804 0 0.744366 
-9120.6 -559528 0 0.828205 
-154485 -616516 0 0.588952 
-138827 -592285 0 0.657815 
-35434.4 -552658 0 0.818508 
-17813.3 -584241 0 0.761321 
117075 -541904 0 1.21507 
217093 -601712 0 1.04553 
-164872 -668535 0 0.696008 
-204614 -653581 0 0.688427 
-42946.9 -688774 0 0.725395 
-135787 -697413 0 0.554068 
-58428.6 -665248 0 0.589094 
98756.3 -696184 0 0.878518 
30210.7 -671099 0 0.788332 
230394 -685255 0 0.896422 
26443.5 -652229 0 0.844 
159369 -665880 0 0.93739 
-51.9095 -602438 0 0.786967 
91611.4 -582673 0 1.12378 
-16185 -627495 0 0.905436 
87384.8 -622767 0 1.07472 
176384 -627265 0 1.03208 
285115 -658654 0 0.995898 
338781 -634728 0 0.962874 
377037 -599547 0 0.946469 
207164 -435033 0 1.39177 
268295 -504966 0 1.40254 
185865 -471286 0 1.30789 
226290 -496311 0 1.37901 
293674 -583542 0 1.17535 
157653 -513571 0 1.24633 
241666 -556686 0 1.20151 
498403 -521358 0 1.13773 
524733 -472028 0 0.886394 
577752 -532618 0 1.07845 
589389 -455174 0 0.821699 
615007 -544819 0 1.05334 
634439 -573962 0 1.09463 
389692 -705769 0 0.848817 
461124 -721863 0 1.02343 
460890 -761045 0 1.0279 
471287 -789508 0 1.00025 
539500 -757745 0 1.15341 
558244 -811740 0 1.09771 
593930 -785591 0 0.887389 
518188 -703502 0 1.12377 
625373 -735402 0 0.877578 
622367 -777346 0 0.926293 
679915 -719009 0 0.882158 
670315 -805179 0 0.749986 
708174 -805604 0 0.660093 
711229 -741272 0 0.79946 
662832 -655322 0 1.07983 
594114 -677562 0 1.11792 
559159 -651942 0 1.24806 
770712 -657232 0 0.865387 
567733 -954465 0 0.802898 
591921 -869093 0 0.783178 
638299 -910616 0 0.73539 
729660 -972752 0 0.545235 
641202 -977686 0 0.829691 
693629 -889093 0 0.638191 
824940 -836674 0 0.354815 
780641 -844678 0 0.561979 
807872 -904511 0 0.416472 
755805 -911925 0 0.642014 
766279 -879663 0 0.513887 
759722 -949326 0 0.513965 
792033 -1.00059e+006 0 0.447484 
713479 -1.01385e+006 0 0.561387 
-513647 -691907 0 0.355911 
-436555 -724502 0 0.509212 
-416144 -678622 0 0.568806 
-387060 -686338 0 0.570426 
-352817 -739189 0 0.650663 
-432127 -794215 0 0.418041 
-388254 -806889 0 0.583236 
-333862 -705561 0 0.672648 
-254076 -758107 0 0.443328 
-362266 -843574 0 0.613035 
-270101 -674489 0 0.450601 
-293270 -678960 0 0.679216 
-242843 -816069 0 0.435824 
-125871 -767118 0 0.503739 
-146665 -722840 0 0.405722 
-57147.3 -803956 0 0.640075 
54258.3 -782979 0 0.759701 
-7870.04 -755253 0 0.708729 
1869.18 -779316 0 0.675018 
-28677.2 -722458 0 0.721489 
57242.3 -725228 0 0.931764 
83833.3 -791125 0 0.762674 
165010 -772130 0 0.846517 
138661 -728719 0 0.881016 
206799 -752820 0 0.893486 
219920 -802784 0 0.863286 
152504 -792496 0 0.815237 
141960 -813805 0 0.781325 
219717 -829499 0 0.851348 
270441 -781943 0 0.924132 
277264 -827708 0 0.961076 
-308371 -885939 0 0.407565 
-203926 -881750 0 0.433102 
-165587 -850071 0 0.450097 
-214695 -846839 0 0.435334 
-182976 -818275 0 0.395125 
-89310.3 -873783 0 0.459292 
-45914.2 -843743 0 0.64819 
17699.8 -866493 0 0.604688 
85677.4 -927764 0 0.492021 
185039 -992031 0 0.807348 
278473 -986975 0 1.02629 
284582 -877559 0 0.983238 
89708.2 -877891 0 0.615634 
110197 -856838 0 0.683313 
186792 -905397 0 0.800159 
195613 -863391 0 0.808757 
270777 -943346 0 0.962195 
354377 -783352 0 0.993286 
334485 -800933 0 1.00176 
396752 -881804 0 1.05376 
345716 -835316 0 1.02816 
399318 -971435 0 1.07572 
344163 -887301 0 1.07318 
341889 -940633 0 1.12203 
325287 -709044 0 0.938198 
257505 -736214 0 0.947696 
301145 -730313 0 1.00494 
392609 -770944 0 0.97474 
433387 -834202 0 0.982976 
463322 -903479 0 1.0031 
506510 -853853 0 0.961575 
511905 -914382 0 1.03852 
442039 -947278 0 1.01916 
-412375 -905339 0 0.537258 
-449866 -928699 0 0.413815 
-412406 -988724 0 0.579964 
-458031 -997321 0 0.57018 
-417823 -1.06038e+006 0 0.588832 
-344098 -1.05882e+006 0 0.398662 
-347604 -991945 0 0.385046 
-335658 -1.10007e+006 0 0.41057 
-265513 -1.06221e+006 0 0.423753 
-283834 -996525 0 0.413679 
-261150 -970200 0 0.419381 
-307481 -954103 0 0.403397 
-185019 -1.04992e+006 0 0.41747 
-85053.6 -1.02143e+006 0 0.478887 
72787.6 -1.01173e+006 0 0.547683 
243331 -1.09404e+006 0 1.00775 
277009 -1.08768e+006 0 1.07747 
396028 -1.09699e+006 0 1.09438 
-222708 -921917 0 0.428158 
-97393.6 -909187 0 0.45278 
-187995 -956107 0 0.379723 
-144415 -979138 0 0.475214 
-26612.6 -932674 0 0.598608 
-64362 -976017 0 0.521607 
7699.01 -965248 0 0.551304 
310517 -1.0317e+006 0 1.16312 
368789 -1.00097e+006 0 1.12213 
428153 -1.03098e+006 0 1.05886 
489385 -983891 0 0.939524 
478452 -1.04726e+006 0 0.969703 
491331 -1.09859e+006 0 0.902084 
545907 -1.03111e+006 0 0.905431 
601756 -1.03503e+006 0 0.926767 
663926 -1.0591e+006 0 0.883834 
582935 -1.08076e+006 0 0.891148 
699893 -1.04568e+006 0 0.606544 
607568 -1.09774e+006 0 0.877385 
709975 -1.12003e+006 0 0.540168 
-258310 -1.12786e+006 0 0.432263 
-228987 -1.09888e+006 0 0.432964 
-131932 -1.12554e+006 0 0.523486 
-172175 -1.15444e+006 0 0.498941 
-46331.9 -1.14965e+006 0 0.762639 
-83121.6 -1.10251e+006 0 0.592597 
8021.76 -1.12615e+006 0 0.738938 
-97074.9 -1.07185e+006 0 0.532927 
2112.66 -1.07143e+006 0 0.679161 
75786 -1.11869e+006 0 0.747388 
10101.5 -1.10288e+006 0 0.713474 
23256.2 -1.1716e+006 0 0.757831 
105478 -1.20004e+006 0 0.802865 
-83952.1 -1.18707e+006 0 0.620876 
-72160.9 -1.22108e+006 0 0.628927 
32084.4 -1.20738e+006 0 0.777082 
217060 -1.21757e+006 0 0.828639 
145922 -1.1443e+006 0 0.801902 
119986 -1.16839e+006 0 0.794946 
-9698.7 -1.23536e+006 0 0.795156 
-11924.4 -1.25964e+006 0 0.805065 
107088 -1.23677e+006 0 0.811569 
64967.6 -1.22794e+006 0 0.820679 
177396 -1.16687e+006 0 0.822703 
140297 -1.25521e+006 0 0.80009 
286660 -1.22627e+006 0 0.827584 
17664.5 -1.03576e+006 0 0.611209 
128023 -1.08155e+006 0 0.749731 
238139 -1.1473e+006 0 0.924026 
302489 -1.18997e+006 0 0.91922 
367763 -1.24062e+006 0 1.02222 
331771 -1.19104e+006 0 0.967217 
365395 -1.15896e+006 0 1.06548 
339758 -1.17005e+006 0 1.00876 
428412 -1.1605e+006 0 0.967593 
491321 -1.23796e+006 0 1.00971 
465417 -1.17923e+006 0 0.948837 
503129 -1.15947e+006 0 0.974223 
539134 -1.20076e+006 0 0.965676 
582546 -1.26813e+006 0 0.917447 
618319 -1.3907e+006 0 0.936097 
627882 -1.31719e+006 0 0.865687 
601196 -1.35201e+006 0 0.924035 
606285 -1.29268e+006 0 0.873909 
609864 -1.4117e+006 0 0.970368 
678790 -1.46419e+006 0 0.920792 
670300 -1.40181e+006 0 0.913208 
650004 -1.38439e+006 0 0.939844 
395602 -1.27677e+006 0 1.08045 
499015 -1.27115e+006 0 0.975894 
443820 -1.29508e+006 0 1.02601 
570368 -1.36347e+006 0 0.951564 
480986 -1.31884e+006 0 1.06746 
536342 -1.32767e+006 0 0.993619 
490896 -1.34742e+006 0 1.07624 
379367 -1.33691e+006 0 1.20634 
503576 -1.38658e+006 0 1.10545 
414490 -1.33015e+006 0 1.1528 
589381 -1.45995e+006 0 1.05343 
613107 -1.55854e+006 0 1.17064 
431023 -1.42954e+006 0 1.34898 
492449 -1.51432e+006 0 1.11673 
565838 -1.57378e+006 0 1.09525 
480811 -1.43624e+006 0 1.20799 
543538 -1.48696e+006 0 1.09377 
538022 -1.58089e+006 0 1.06336 
537744 -1.62222e+006 0 1.01337 
188649 -1.29994e+006 0 0.79835 
249519 -1.36051e+006 0 0.850644 
241367 -1.30195e+006 0 0.716017 
325776 -1.31092e+006 0 0.974319 
366701 -1.37893e+006 0 1.32069 
318646 -1.44217e+006 0 1.16434 
508009 -1.63938e+006 0 0.950601 
426504 -1.60747e+006 0 1.03627 
418671 -1.6437e+006 0 0.997234 
464711 -1.60886e+006 0 1.00115 
446075 -1.6749e+006 0 0.972068 
575288 -1.66009e+006 0 0.974381 
537690 -1.68226e+006 0 0.92304 
491829 -1.66492e+006 0 0.901122 
475001 -1.71561e+006 0 0.870964 
448076 -1.73369e+006 0 0.926223 
-285168 -1.2166e+006 0 0.440014 
-234929 -1.20167e+006 0 0.475561 
-151577 -1.28389e+006 0 0.54843 
-152905 -1.32141e+006 0 0.552293 
-221037 -1.17269e+006 0 0.45936 
-144284 -1.23291e+006 0 0.542275 
-74344.8 -1.29011e+006 0 0.761655 
49945.7 -1.2912e+006 0 0.849928 
-3724.86 -1.38089e+006 0 0.797374 
17108.4 -1.33553e+006 0 0.827415 
85226.5 -1.3369e+006 0 0.853649 
81303.6 -1.37925e+006 0 0.873003 
163084 -1.35743e+006 0 0.828679 
244264 -1.43753e+006 0 0.956249 
242343 -1.49099e+006 0 1.0217 
200764 -1.44702e+006 0 0.948376 
323514 -1.55861e+006 0 1.15209 
306268 -1.61588e+006 0 1.09523 
353224 -1.53369e+006 0 1.21467 
390311 -1.68539e+006 0 1.12656 
162704 -1.45961e+006 0 0.908421 
189658 -1.50797e+006 0 0.997286 
185810 -1.53551e+006 0 1.01128 
275853 -1.55935e+006 0 1.09166 
229958 -1.58792e+006 0 1.01078 
-273843 -1.27834e+006 0 0.447982 
-119818 -1.37331e+006 0 0.541753 
-286956 -1.35304e+006 0 0.488637 
-210355 -1.39436e+006 0 0.424515 
-219062 -1.44609e+006 0 0.42566 
-168486 -1.39469e+006 0 0.55695 
-117887 -1.42128e+006 0 0.544645 
-50390.1 -1.44098e+006 0 0.88133 
1649.24 -1.45457e+006 0 0.859807 
-67389.4 -1.53858e+006 0 0.916804 
-137789 -1.5035e+006 0 0.545427 
-95500.8 -1.46799e+006 0 0.778009 
-13034.2 -1.50871e+006 0 0.869882 
68291.9 -1.49962e+006 0 0.870447 
91071.1 -1.45282e+006 0 0.903012 
51232.6 -1.44828e+006 0 0.856069 
31566.2 -1.55969e+006 0 0.878851 
44097.7 -1.53723e+006 0 0.876391 
144526 -1.53214e+006 0 0.940082 
-15499.2 -1.60874e+006 0 0.881009 
-2020.89 -1.64124e+006 0 0.883909 
76525.9 -1.59825e+006 0 0.889102 
195495 -1.62192e+006 0 1.03817 
129279 -1.63325e+006 0 0.955185 
280091 -1.65527e+006 0 1.07017 
365572 -1.7296e+006 0 1.06227 
391010 -1.71818e+006 0 1.12422 
413363 -1.76977e+006 0 0.98996 
297589 -1.74134e+006 0 1.05583 
327532 -1.72888e+006 0 1.06067 
98035 -1.66515e+006 0 0.951684 
232595 -1.71873e+006 0 0.99441 
203023 -1.67583e+006 0 1.04258 
273096 -1.78662e+006 0 1.04843 
153664 -1.72485e+006 0 0.960844 
106251 -1.70985e+006 0 0.954168 
220033 -1.78309e+006 0 1.00771 
171865 -1.72079e+006 0 0.964205 
369078 -1.78443e+006 0 1.05215 
320635 -1.79765e+006 0 1.04961 
328758 -1.83639e+006 0 1.04589 
316171 -1.85429e+006 0 1.04437 
292510 -1.85648e+006 0 1.04392 
247524 -1.8337e+006 0 1.04388 
239716 -1.86371e+006 0 1.04229 
-2174.93 -1.69144e+006 0 0.886034 
-28655.9 -1.69845e+006 0 0.911951 
31216.6 -1.822e+006 0 0.888745 
-12907.6 -1.78477e+006 0 0.91435 
103131 -1.88122e+006 0 0.891161 
43658.9 -1.74239e+006 0 0.89024 
78692.1 -1.73278e+006 0 0.893833 
111070 -1.82451e+006 0 0.894056 
116310 -1.78653e+006 0 0.95457 
155339 -1.78583e+006 0 0.958256 
197066 -1.86134e+006 0 1.03748 
257320 -1.89365e+006 0 1.04156 
254386 -1.91372e+006 0 1.04086 
264102 -1.93815e+006 0 1.04024 
177286 -1.91654e+006 0 0.953546 
206541 -1.9579e+006 0 1.10996 
149317 -1.96456e+006 0 0.951213 
191092 -2.00971e+006 0 1.06722 
221172 -2.07352e+006 0 1.1104 
-613672 -782516 0 0.496544 
-520091 -832368 0 0.358985 
-513201 -773080 0 0.347061 
-556206 -860205 0 0.253905 
-514366 -933398 0 0.355807 
-561301 -1.03222e+006 0 0.542645 
-611616 -1.00678e+006 0 0.208662 
-618331 -1.13617e+006 0 0.688617 
-644641 -1.06412e+006 0 0.582606 
-676260 -1.00446e+006 0 0.534715 
-741039 -1.10617e+006 0 0.677593 
-704470 -1.06676e+006 0 0.637652 
-738688 -1.18862e+006 0 0.729217 
-687831 -1.14884e+006 0 0.70908 
-607051 -1.21726e+006 0 0.778474 
-681285 -1.23854e+006 0 0.780861 
-708054 -1.28511e+006 0 0.800963 
-663270 -1.37741e+006 0 0.857047 
-643753 -1.32452e+006 0 0.839099 
-801906 -1.43709e+006 0 0.323091 
-731631 -1.37172e+006 0 0.324679 
-569414 -1.47196e+006 0 1.00795 
-468393 -1.60282e+006 0 0.829578 
-394308 -1.64682e+006 0 0.624388 
-389697 -1.71714e+006 0 0.625908 
-358767 -1.68989e+006 0 0.625477 
-313052 -1.74085e+006 0 0.772203 
-308915 -1.66753e+006 0 0.46593 
-330565 -1.69495e+006 0 0.771237 
-204656 -1.67702e+006 0 0.428404 
-268165 -1.65873e+006 0 0.465951 
-213225 -1.64813e+006 0 0.428213 
-233798 -1.61611e+006 0 0.394361 
-142322 -1.68817e+006 0 0.545615 
-91302 -1.60387e+006 0 0.922862 
-98299.8 -1.68399e+006 0 0.926971 
-66760 -1.66778e+006 0 0.926865 
-551884 -1.11714e+006 0 0.766818 
-512677 -1.14308e+006 0 0.649388 
-577651 -1.30728e+006 0 0.757343 
-485404 -1.47699e+006 0 0.678627 
-464427 -1.07092e+006 0 0.665872 
-484291 -1.10602e+006 0 0.798268 
-417230 -1.18575e+006 0 0.677712 
-360991 -1.14351e+006 0 0.413174 
-472652 -1.23115e+006 0 0.82336 
-494965 -1.19632e+006 0 0.907487 
-399688 -1.29969e+006 0 0.727454 
-485212 -1.2721e+006 0 0.844458 
-474118 -1.30504e+006 0 0.86078 
-502275 -1.33224e+006 0 0.653867 
-408372 -1.38194e+006 0 0.605372 
-322775 -1.49941e+006 0 0.461604 
-428277 -1.4495e+006 0 0.899392 
-360339 -1.54828e+006 0 0.765327 
-396701 -1.51678e+006 0 0.618906 
-350762 -1.56838e+006 0 0.766547 
-329912 -1.58727e+006 0 0.464327 
-286465 -1.44223e+006 0 0.49495 
-174242 -1.59081e+006 0 0.489187 
-255969 -1.58424e+006 0 0.500626 
-208147 -1.59917e+006 0 0.428107 
-140781 -1.58948e+006 0 0.546107 
-59100 -1.74036e+006 0 0.864408 
14960 -1.88246e+006 0 0.915237 
86644.9 -1.98357e+006 0 0.887579 
124541 -2.04772e+006 0 0.886957 
170036 -2.08952e+006 0 0.956944 
-568161 -579701 0 -0.198965 
-602019 -612091 0 0.222844 
-703100 -592441 0 0.945695 
-716753 -572477 0 0.867359 
-585007 -660191 0 0.331786 
-637530 -707957 0 0.819277 
-582021 -713136 0 0.41082 
-648479 -644193 0 0.712191 
-719768 -656012 0 0.994113 
-799022 -611900 0 0.917374 
-757757 -750600 0 0.905671 
-729065 -726776 0 1.07568 
-779302 -664688 0 0.931566 
-831796 -692647 0 0.828862 
-835854 -207144 0 0.757161 
-789017 -193073 0 0.682068 
-814349 -293721 0 1.17934 
-769486 -262200 0 0.93814 
-741028 -346185 0 1.02392 
-798328 -401198 0 1.36648 
-851556 -340032 0 1.6109 
-886084 -338073 0 1.87486 
-726835 -406313 0 0.988015 
-663525 -306594 0 0.801848 
-605214 -478592 0 0.350501 
-689804 -470655 0 0.714401 
-655967 -415963 0 0.63894 
-648466 -372445 0 0.674989 
-664665 -519962 0 0.630823 
-708721 -534983 0 0.794858 
-769255 -519870 0 1.08368 
-778057 -469412 0 1.16912 
-808720 -441652 0 1.41579 
-872886 -453359 0 1.81876 
-923297 -477907 0 1.83623 
-862719 -536425 0 1.24823 
-826332 -558138 0 1.09815 
-920067 -545829 0 1.2878 
-872068 -640878 0 0.875827 
-934311 -603940 0 0.94966 
-918430 -748947 0 0.621274 
-965462 -635831 0 0.986007 
-989007 -679402 0 0.774064 
-914014 -694261 0 0.730164 
-1.00163e+006 -743201 0 0.642155 
-1.00693e+006 -821827 0 0.614752 
-1.0637e+006 -788192 0 0.622518 
-656734 -860501 0 0.53119 
-644572 -821528 0 0.595184 
-664268 -925424 0 0.450211 
-694454 -814803 0 0.821835 
-764644 -864927 0 0.536836 
-749490 -951296 0 0.359592 
-759661 -829970 0 0.639137 
-836616 -809450 0 0.609892 
-778936 -804526 0 0.699213 
-806716 -770966 0 0.740253 
-864696 -904548 0 0.403744 
-913831 -818243 0 0.504397 
-1.06623e+006 -874974 0 0.45806 
-1.17358e+006 -897454 0 0.504252 
-1.11603e+006 -825502 0 0.724763 
-1.12334e+006 -944675 0 0.406282 
-1.27311e+006 -884016 0 0.496003 
-1.24069e+006 -846571 0 0.569608 
-1.25715e+006 -952654 0 0.425796 
-1.16961e+006 -763951 0 0.655413 
-1.18293e+006 -824630 0 0.626557 
-1.24888e+006 -783650 0 0.564286 
-1.32087e+006 -631153 0 0.992934 
-1.32043e+006 -797763 0 0.864223 
-1.27078e+006 -712105 0 0.609287 
-1.3043e+006 -927808 0 0.599204 
-1.37131e+006 -842958 0 0.658234 
-859164 -1.16285e+006 0 0.187018 
-893323 -1.11043e+006 0 0.137495 
-804411 -1.13955e+006 0 0.24453 
-806280 -1.07576e+006 0 0.257865 
-931294 -1.12517e+006 0 0.199327 
-804533 -1.00816e+006 0 0.302286 
-878920 -1.05272e+006 0 0.19854 
-990246 -1.06047e+006 0 0.0538644 
-885090 -1.02541e+006 0 0.216673 
-983248 -1.09856e+006 0 0.0140613 
-899373 -1.00537e+006 0 0.221263 
-949376 -948895 0 0.400534 
-928087 -952260 0 0.263939 
-939031 -994090 0 0.297142 
-1.0376e+006 -1.03323e+006 0 -0.0238182 
-1.04241e+006 -957461 0 0.253877 
-967179 -944890 0 0.30627 
-983968 -901648 0 0.375082 
-1.33138e+006 -1.00041e+006 0 0.785204 
-1.36421e+006 -969923 0 0.664418 
-1.29315e+006 -1.00945e+006 0 0.640609 
-1.35718e+006 -1.15366e+006 0 0.676696 
-1.28435e+006 -1.14267e+006 0 0.599421 
-1.321e+006 -1.15886e+006 0 0.580824 
-1.37426e+006 -1.2374e+006 0 0.722606 
-1.36333e+006 -1.27425e+006 0 0.721602 
-1.23403e+006 -1.01893e+006 0 0.445272 
-1.21567e+006 -1.0482e+006 0 0.182064 
-1.19619e+006 -1.08334e+006 0 0.16938 
-1.26756e+006 -1.08463e+006 0 0.545171 
-768799 -1.25822e+006 0 0.283419 
-830833 -1.3089e+006 0 0.265045 
-823922 -1.38471e+006 0 0.299296 
-832608 -1.2273e+006 0 0.231686 
-923162 -1.27107e+006 0 0.352927 
-883022 -1.37016e+006 0 0.264964 
-971211 -1.22649e+006 0 0.195065 
-1.06119e+006 -1.25309e+006 0 0.1584 
-931014 -1.36778e+006 0 0.485337 
-975530 -1.41609e+006 0 0.511934 
-989396 -1.31647e+006 0 0.357858 
-1.04027e+006 -1.39732e+006 0 0.540927 
-1.01415e+006 -1.37455e+006 0 0.405799 
-1.10671e+006 -1.2839e+006 0 0.268364 
-1.08035e+006 -1.37589e+006 0 0.480616 
-1.10503e+006 -1.3378e+006 0 0.410283 
-1.13989e+006 -1.31273e+006 0 0.437462 
-902552 -1.20688e+006 0 0.132113 
-914949 -1.17857e+006 0 0.147259 
-999704 -1.18021e+006 0 -0.0158431 
-948824 -1.15733e+006 0 0.163068 
-1.03781e+006 -1.14845e+006 0 -0.320666 
-1.09622e+006 -1.19279e+006 0 -0.196523 
-1.16413e+006 -999562 0 0.188202 
-1.18026e+006 -1.24195e+006 0 0.120047 
-1.13377e+006 -1.13445e+006 0 -0.147053 
-1.17967e+006 -1.13934e+006 0 -0.0148934 
-1.22715e+006 -1.16301e+006 0 0.112157 
-1.29208e+006 -1.24024e+006 0 0.682462 
-1.22181e+006 -1.28548e+006 0 0.368054 
-1.24616e+006 -1.30896e+006 0 0.625738 
-1.15366e+006 -1.36641e+006 0 0.557332 
-1.21658e+006 -1.35924e+006 0 0.339857 
-1.28381e+006 -1.32215e+006 0 0.743701 
-1.08677e+006 -1.43218e+006 0 0.561666 
-922558 -1.4349e+006 0 0.55045 
-884004 -1.45616e+006 0 0.383313 
-849994 -1.46474e+006 0 0.319424 
-918212 -335508 0 2.0848 
-902750 -244961 0 1.10586 
-938957 -239151 0 1.03793 
-969987 -299419 0 1.56778 
-1.01232e+006 -265061 0 1.16426 
-987420 -359012 0 1.98778 
-1.01201e+006 -473747 0 1.42468 
-976803 -487421 0 1.52589 
-958970 -437742 0 2.12186 
-1.20929e+006 -569720 0 0.919586 
-1.1963e+006 -629880 0 0.596588 
-1.16192e+006 -538881 0 0.99984 
-1.04972e+006 -436826 0 1.25733 
-1.07891e+006 -418747 0 1.22805 
-1.14696e+006 -441417 0 1.06927 
-1.19721e+006 -302238 0 0.68404 
-1.1239e+006 -322896 0 1.10435 
-1.05049e+006 -264364 0 1.12183 
-1.0464e+006 -345532 0 1.35958 
-1.09609e+006 -715905 0 0.87827 
-1.05366e+006 -695587 0 0.784355 
-1.03884e+006 -613812 0 0.949033 
-992702 -552391 0 1.13384 
-1.07287e+006 -540007 0 1.01358 
-1.17399e+006 -700297 0 0.767072 
-1.12008e+006 -646844 0 0.970253 
-1.10101e+006 -592787 0 1.02758 
-1.15209e+006 -598196 0 0.986244 
-1.26421e+006 -290486 0 1.00425 
-1.30949e+006 -286164 0 0.854086 
-1.32758e+006 -384527 0 0.863578 
-1.37463e+006 -400360 0 0.87615 
-1.41528e+006 -339523 0 0.921814 
-1.38632e+006 -293247 0 1.02912 
-1.46839e+006 -431493 0 0.70449 
-1.50165e+006 -296477 0 0.886008 
-1.43459e+006 -243909 0 0.919691 
-1.49059e+006 -217599 0 0.52982 
-1.56691e+006 -246715 0 0.604302 
-1.63837e+006 -268356 0 0.818049 
-1.63915e+006 -206721 0 0.625607 
-1.56152e+006 -168189 0 0.366378 
-1.72088e+006 -454671 0 1.72467 
-1.65086e+006 -362399 0 1.75288 
-1.60519e+006 -351425 0 1.49109 
-1.65662e+006 -545285 0 0.661944 
-1.67814e+006 -513146 0 1.00192 
-1.62941e+006 -485193 0 1.34357 
-1.61282e+006 -537999 0 0.800796 
-1.51428e+006 -402457 0 0.917152 
-1.54986e+006 -498844 0 1.04102 
-1.52163e+006 -572388 0 0.75167 
-1.45151e+006 -481958 0 0.99358 
-1.40405e+006 -484071 0 1.01318 
-1.35852e+006 -497606 0 1.1082 
-1.28287e+006 -417528 0 0.940379 
-1.24371e+006 -474024 0 0.761613 
-1.2896e+006 -651832 0 0.640087 
-1.5797e+006 -601321 0 0.319743 
-1.48519e+006 -624150 0 0.915856 
-1.38704e+006 -588493 0 1.0801 
-1.48343e+006 -692401 0 0.815043 
-1.38407e+006 -724675 0 0.673065 
-1.39911e+006 -888616 0 0.571631 
-1.12961e+006 507032 0 0.603801 
-1.12141e+006 458688 0 0.663277 
-1.15e+006 539780 0 0.530353 
-1.1999e+006 542222 0 0.632798 
-1.17712e+006 553011 0 0.554812 
-1.03412e+006 236812 0 1.24326 
-993332 306601 0 0.793434 
-1.0863e+006 227429 0 0.92341 
-1.04598e+006 513777 0 -0.111237 
-1.05752e+006 433547 0 0.0524223 
-1.00463e+006 394286 0 -0.0532304 
-1.07361e+006 482888 0 0.116589 
-1.03223e+006 387040 0 0.0582203 
-1.14807e+006 424509 0 1.08426 
-1.22587e+006 484164 0 0.969036 
-1.23985e+006 530971 0 0.614606 
-1.26828e+006 536905 0 0.498038 
-1.20321e+006 430461 0 1.63423 
-1.24646e+006 414176 0 1.30536 
-1.2101e+006 367205 0 1.66921 
-1.26186e+006 442595 0 0.974764 
-1.28643e+006 403488 0 0.787295 
-1.32707e+006 464920 0 0.127098 
-1.28516e+006 471239 0 0.584182 
-1.33856e+006 526012 0 0.102498 
-1.35159e+006 588929 0 0.166923 
-1.30684e+006 524287 0 0.301726 
-1.37742e+006 548196 0 -0.0876138 
-1.43348e+006 516810 0 -0.242204 
-1.42451e+006 570202 0 -0.0887645 
-1.43593e+006 608325 0 -0.0105313 
-1.48036e+006 582727 0 -0.0260931 
-1.51266e+006 552129 0 0.0193337 
-1.50967e+006 465818 0 -0.22852 
-1.54289e+006 504799 0 0.000564165 
-1.46941e+006 473885 0 -0.280356 
-1.43055e+006 471680 0 -0.400317 
-1.44357e+006 408842 0 -0.348857 
-1.45301e+006 358849 0 -0.202136 
-1.5952e+006 411837 0 -0.220148 
-826143 -110492 0 0.0166622 
-863761 -143734 0 0.273141 
-912347 -117092 0 0.326697 
-900132 -183774 0 0.647581 
-968888 -72651.4 0 0.581015 
-903812 -6847.09 0 0.407067 
-934915 -30240.4 0 0.468248 
-905286 -73118.5 0 0.171768 
-942006 -127400 0 0.495064 
-1.02442e+006 -127167 0 0.737127 
-951701 -158743 0 0.627061 
-990586 -182544 0 0.791091 
-1.09485e+006 -141250 0 0.802565 
-1.10234e+006 -221477 0 0.951754 
-1.15657e+006 -225383 0 0.892469 
-1.18877e+006 -155324 0 0.672808 
-1.22232e+006 -227213 0 0.921297 
-964391 -8414.28 0 0.662539 
-1.00191e+006 -17818.5 0 0.764423 
-1.03231e+006 -11437.4 0 0.848353 
-1.05886e+006 -19251.6 0 0.771852 
-1.0912e+006 -40406.4 0 0.787235 
-1.16696e+006 -73236.4 0 0.755073 
-1.19713e+006 -74148.7 0 0.654233 
-1.14184e+006 -94963 0 0.753555 
-1.25834e+006 -110271 0 0.989112 
-1.28549e+006 -182847 0 0.83089 
-1.34129e+006 -63943.7 0 0.80372 
-1.34056e+006 -178757 0 0.78893 
-1.35863e+006 -232126 0 1.03157 
-1.40372e+006 -201530 0 0.844252 
-1.40781e+006 -135231 0 0.72575 
-1.38326e+006 -84222.8 0 0.759202 
-1.44797e+006 -108199 0 0.471045 
-1.42055e+006 -32282.1 0 0.571027 
-1.22883e+006 -10244.5 0 0.651536 
-1.2701e+006 -12667.2 0 0.690251 
-1.22522e+006 -46389.3 0 0.64614 
-1.31746e+006 -22680.3 0 0.471437 
-1.35181e+006 33160.1 0 0.524694 
-1.46731e+006 27774 0 0.236031 
-1.40706e+006 19378.8 0 0.261403 
-1.41537e+006 50762.6 0 0.231201 
-1.39946e+006 69842.8 0 0.268988 
-1.23136e+006 25273 0 0.661344 
-1.25772e+006 45249.8 0 0.630605 
-1.30692e+006 28364.8 0 0.325551 
-1.26159e+006 91335.3 0 0.509155 
-1.30859e+006 87359.9 0 0.418934 
-1.33744e+006 109992 0 0.361699 
-1.40945e+006 103574 0 0.259012 
-1.38975e+006 138656 0 0.442721 
-1.28581e+006 196314 0 0.533397 
-1.31465e+006 182791 0 0.45501 
-1.3111e+006 269929 0 0.602251 
-1.40607e+006 196966 0 0.221657 
-1.35577e+006 195226 0 0.46132 
-1.33886e+006 240795 0 0.474114 
-1.34385e+006 317077 0 0.386238 
-1.32346e+006 361179 0 0.424799 
-1.32079e+006 387949 0 0.383955 
-1.4216e+006 326304 0 -0.07663 
-1.15363e+006 21355 0 0.789882 
-1.09231e+006 28978.7 0 0.852753 
-1.10462e+006 118154 0 0.968257 
-1.06416e+006 64768.9 0 0.909051 
-1.19137e+006 67451.1 0 0.713351 
-1.16296e+006 109357 0 0.775123 
-1.18565e+006 163907 0 0.704158 
-1.2263e+006 114356 0 0.694786 
-1.26206e+006 206683 0 0.670363 
-1.27582e+006 146019 0 0.452952 
-1.13752e+006 200322 0 0.931069 
-1.16128e+006 231185 0 0.803351 
-1.14485e+006 263861 0 0.804606 
-1.21423e+006 241964 0 0.805076 
-1.21822e+006 214844 0 0.736043 
-1.25016e+006 289748 0 0.911538 
-1.16187e+006 300405 0 0.905385 
-1.2088e+006 323268 0 1.20948 
-1.51932e+006 289389 0 0.0474389 
-1.40097e+006 284598 0 0.0690566 
-1.46112e+006 238305 0 0.203697 
-1.53093e+006 232519 0 -0.0637006 
-1.65308e+006 299460 0 0.494674 
-1.61678e+006 330123 0 0.176658 
-1.52388e+006 114155 0 -0.00564708 
-1.48754e+006 169203 0 0.325347 
-1.48193e+006 142418 0 0.354173 
-1.57835e+006 206169 0 0.0347763 
-1.70734e+006 134082 0 -0.35173 
-1.7285e+006 67373.3 0 -0.42331 
-1.59493e+006 73561 0 -0.0246443 
-1.61099e+006 108773 0 -0.133251 
-1.65203e+006 113751 0 -0.173745 
-1.6555e+006 221607 0 0.32925 
-1.63169e+006 182497 0 0.0867506 
-1.71215e+006 298571 0 0.961126 
-1.69647e+006 349817 0 0.712127 
-1.75463e+006 379641 0 0.865949 
-1.64608e+006 394772 0 0.0109875 
-1.71291e+006 397382 0 0.430745 
-1.80601e+006 384620 0 0.529066 
-1.82486e+006 198610 0 0.189817 
-1.80105e+006 243428 0 0.237377 
-1.81334e+006 283993 0 0.430649 
-1.75902e+006 254216 0 0.51916 
-1.78166e+006 603049 0 -0.513152 
-1.77832e+006 550870 0 -0.723855 
-1.73836e+006 443454 0 -0.0344279 
-1.7594e+006 502609 0 -0.716351 
-1.7867e+006 506711 0 -0.556515 
-1.78955e+006 449702 0 -0.0421858 
-1.82578e+006 374501 0 0.448567 
-1.79833e+006 359622 0 0.733372 
-1.82922e+006 316693 0 0.463362 
-1.85912e+006 252166 0 0.276955 
-1.87318e+006 206529 0 0.282155 
-1.87073e+006 167420 0 0.379652 
-1.9057e+006 160149 0 0.311476 
-1.81539e+006 66420.2 0 0.226527 
-1.86589e+006 43109.7 0 0.438 
-1.91674e+006 107739 0 0.27978 
-1.92948e+006 68933.6 0 0.476035 
-1.96303e+006 52474.7 0 0.420672 
-1.82387e+006 -7529.32 0 0.262514 
-1.8665e+006 -25953.7 0 0.35496 
-1.89131e+006 -45057.1 0 0.273751 
-1.92253e+006 15310.5 0 0.47564 
-1.93222e+006 -20957.4 0 0.476306 
-1.96609e+006 -17247.6 0 0.40791 
-1.57489e+006 658372 0 0.331196 
-1.63291e+006 644997 0 0.291752 
-1.67107e+006 642912 0 -0.0301479 
-1.60204e+006 650596 0 0.332698 
-1.54585e+006 619021 0 0.168614 
-1.56609e+006 568611 0 0.324417 
-1.6129e+006 610521 0 0.387801 
-1.60623e+006 582214 0 0.46075 
-1.58986e+006 530549 0 0.351762 
-1.61203e+006 509885 0 0.351402 
-1.62488e+006 560727 0 0.580969 
-1.6422e+006 455085 0 -0.410081 
-1.67593e+006 441085 0 -0.148574 
-1.70343e+006 450055 0 -0.13621 
-1.70328e+006 543560 0 -0.477109 
-1.65146e+006 590465 0 0.169677 
-1.71718e+006 583242 0 -0.477832 
-1.76859e+006 625196 0 -0.431446 
-1.51399e+006 -6867.72 0 0.398263 
-1.52329e+006 51100.2 0 0.21811 
-1.51926e+006 -61713.9 0 0.425651 
-1.56992e+006 12609.3 0 0.241562 
-1.66e+006 11589.6 0 0.14544 
-1.66025e+006 -53973.5 0 0.279767 
-1.62407e+006 -89102.6 0 0.572195 
-1.57567e+006 -105895 0 0.308872 
-1.50114e+006 -117815 0 0.475094 
-1.96102e+006 -64416.1 0 0.251121 
-1.98636e+006 -175564 0 0.270722 
-1.96474e+006 -339586 0 1.06259 
-1.95384e+006 -305158 0 0.802246 
-1.98799e+006 -239993 0 0.41423 
-2.0031e+006 -268713 0 0.715413 
-2.02861e+006 -227542 0 0.614706 
-2.01128e+006 -351309 0 1.26317 
-2.00527e+006 -419082 0 1.43742 
-1.97555e+006 -415949 0 1.3463 
-1.98453e+006 -467997 0 1.35085 
-1.75385e+006 7173.67 0 -0.0779384 
-1.72357e+006 -45754.4 0 0.317159 
-1.7912e+006 -33877.9 0 0.265391 
-1.74826e+006 -109263 0 0.28159 
-1.80701e+006 -119766 0 0.138767 
-1.84541e+006 -80036.9 0 0.274857 
-1.84635e+006 -124479 0 0.124679 
-1.88639e+006 -122831 0 0.198479 
-1.94506e+006 -103479 0 0.214516 
-1.9182e+006 -139573 0 0.254585 
-1.91923e+006 -182230 0 0.216278 
-1.94961e+006 -220482 0 0.25294 
-1.67971e+006 -114228 0 0.483684 
-1.72119e+006 -188602 0 0.377411 
-1.82868e+006 -173955 0 -0.0246804 
-1.85941e+006 -182733 0 -0.00774828 
-1.86658e+006 -242368 0 -0.146176 
-1.87743e+006 -305086 0 0.323253 
-1.85826e+006 -366249 0 1.5428 
-1.84856e+006 -400705 0 2.28016 
-1.83737e+006 -407293 0 2.29444 
-1.9039e+006 -439453 0 1.91297 
-1.88634e+006 -216542 0 0.0146943 
-1.91656e+006 -256181 0 0.273724 
-1.92065e+006 -294508 0 0.580731 
-1.92304e+006 -340238 0 1.14487 
-1.94433e+006 -394046 0 1.64555 
-1.93002e+006 -440724 0 1.74743 
-1.83206e+006 -251138 0 -0.31692 
-1.82771e+006 -326638 0 0.316804 
-1.75201e+006 -328483 0 0.967835 
-1.75753e+006 -364625 0 1.32665 
-1.82532e+006 -386026 0 1.65389 
-1.78128e+006 -392378 0 1.32604 
-1.80492e+006 -421972 0 1.21953 
-1.76879e+006 -439346 0 1.17408 
-1.77085e+006 -470830 0 0.870403 
-1.63813e+006 -837798 0 0.127233 
-1.69871e+006 -902731 0 0.607274 
-1.6914e+006 -852501 0 0.315167 
-1.69262e+006 -830717 0 0.183417 
-1.68086e+006 -797720 0 -0.127807 
-1.70504e+006 -722694 0 -0.0361387 
-1.72499e+006 -699254 0 0.238824 
-1.82799e+006 -760002 0 1.60843 
-1.75787e+006 -801721 0 0.723953 
-1.87958e+006 -547451 0 1.08263 
-1.83068e+006 -540096 0 0.677062 
-1.83658e+006 -514094 0 0.816034 
-1.75393e+006 -643538 0 0.51955 
-1.74945e+006 -541347 0 0.346357 
-1.78997e+006 -533974 0 0.477511 
-1.76706e+006 -510629 0 0.592246 
-1.86369e+006 -657899 0 1.90591 
-1.91562e+006 -513736 0 1.37339 
-1.94661e+006 -494462 0 1.48873 
-1.92236e+006 -604133 0 1.37953 
-1.92259e+006 -569123 0 1.31398 
-1.97986e+006 -499300 0 1.24065 
-1.96249e+006 -581140 0 1.18651 
-1.94846e+006 -622501 0 1.25102 
-1.88942e+006 -670459 0 1.74186 
-1.79753e+006 -877947 0 0.963703 
-1.83281e+006 -823639 0 1.22026 
-1.88375e+006 -762874 0 1.53805 
-1.89789e+006 -806120 0 1.3503 
-1.8007e+006 -908137 0 0.970492 
-1.83493e+006 -907666 0 1.06607 
-1.86322e+006 -911386 0 1.06375 
-1.82753e+006 -938720 0 1.03577 
-1.91771e+006 -668968 0 1.71253 
-1.9333e+006 -698332 0 1.60031 
-1.8327e+006 -952943 0 1.04302 
-1.85373e+006 -1.00748e+006 0 1.0652 
-1.77045e+006 -974085 0 0.94438 
-1.71915e+006 -974330 0 0.881346 
-1.7409e+006 -1.00262e+006 0 0.944323 
-1.69532e+006 -1.03471e+006 0 0.989856 
-1.68316e+006 -1.02255e+006 0 0.966436 
-1.65137e+006 -1.04101e+006 0 1.06105 
-1.73335e+006 -1.15285e+006 0 1.06909 
-1.66583e+006 -1.07408e+006 0 1.11966 
-1.57567e+006 -1.09267e+006 0 1.01673 
-1.65031e+006 -1.08657e+006 0 1.00671 
-1.62874e+006 -1.1095e+006 0 1.09869 
-1.58191e+006 -1.12166e+006 0 1.00184 
-1.58619e+006 -1.14873e+006 0 0.98242 
-1.58448e+006 -1.189e+006 0 0.954458 
-1.55734e+006 -1.21694e+006 0 0.811852 
-1.65989e+006 -181166 0 0.612147 
-1.70125e+006 -245677 0 0.566383 
-1.7146e+006 -309291 0 1.12376 
-1.65135e+006 -592676 0 0.203159 
-1.62916e+006 -655419 0 0.0096304 
-1.60963e+006 -764879 0 -0.00851821 
-1.57941e+006 -722802 0 0.17948 
-1.46524e+006 -793474 0 0.518478 
-1.50282e+006 -834686 0 0.470859 
-1.55471e+006 -835319 0 0.456624 
-1.59187e+006 -863322 0 0.405804 
-1.64527e+006 -944210 0 0.778509 
-1.55769e+006 -933892 0 0.625418 
-1.51339e+006 -977890 0 0.695619 
-1.44247e+006 -1.05777e+006 0 0.700291 
-1.48407e+006 -1.16674e+006 0 0.768028 
