all_HUCS
4
X
Y
Z
interp_lnHG
2.27522e+006 648245 0 0.127991 
2.29168e+006 633381 0 0.0101024 
2.3266e+006 691436 0 0.302733 
2.35511e+006 655345 0 0.463666 
2.40499e+006 637423 0 0.405501 
2.31227e+006 550429 0 1.15831 
2.34335e+006 587534 0 0.405565 
2.41096e+006 575766 0 0.552724 
2.35288e+006 497438 0 1.03489 
2.40557e+006 483244 0 0.388769 
2.28894e+006 502796 0 1.3663 
2.26985e+006 453288 0 1.77294 
2.33655e+006 416290 0 0.713056 
2.24255e+006 395494 0 0.0201454 
2.3016e+006 358564 0 1.35465 
2.46251e+006 543191 0 0.729921 
2.46681e+006 465598 0 0.695602 
2.38755e+006 363590 0 0.325776 
2.32486e+006 308035 0 0.378514 
2.28036e+006 291972 0 0.0297397 
2.31372e+006 225415 0 0.647018 
2.22933e+006 264222 0 0.292693 
2.27891e+006 196323 0 0.400927 
2.24005e+006 187955 0 0.314871 
2.2759e+006 127993 0 0.0585397 
2.30249e+006 118367 0 0.518823 
2.21023e+006 351505 0 0.231168 
2.18104e+006 333083 0 0.508201 
2.17958e+006 275289 0 0.494902 
2.20226e+006 211362 0 0.662516 
2.1569e+006 244064 0 0.517841 
2.1709e+006 220179 0 0.496249 
2.17812e+006 163105 0 -0.0509768 
2.21806e+006 117153 0 0.559622 
2.2396e+006 126000 0 0.64692 
2.18325e+006 117652 0 0.598755 
2.24774e+006 89828.6 0 0.448196 
2.24504e+006 14678.5 0 0.188506 
2.1949e+006 67573.1 0 0.419483 
2.20281e+006 28159.5 0 0.246609 
2.33189e+006 129069 0 0.943713 
2.39539e+006 73125.4 0 0.0198743 
2.30009e+006 80072.1 0 0.77217 
2.33996e+006 63659.7 0 0.246875 
2.32059e+006 13910 0 -0.356494 
2.28507e+006 51620.8 0 0.194811 
2.26675e+006 35757.5 0 0.157722 
2.28734e+006 -100.653 0 -0.0290757 
2.236e+006 -26280 0 0.216272 
2.18054e+006 7816.14 0 0.165499 
2.19292e+006 -65461.1 0 0.190713 
2.2418e+006 -51819.2 0 0.335116 
2.16133e+006 361009 0 0.806352 
2.1087e+006 198173 0 0.662004 
2.12645e+006 228992 0 0.562256 
2.13194e+006 287758 0 0.542332 
2.06292e+006 268430 0 0.358591 
2.11039e+006 321982 0 0.547269 
2.03971e+006 294100 0 0.239011 
2.11361e+006 349771 0 0.578947 
2.05663e+006 197590 0 0.6909 
2.05505e+006 144715 0 0.698121 
2.12794e+006 129005 0 1.06448 
2.02112e+006 106019 0 0.683029 
2.07402e+006 53172.6 0 0.250814 
2.11883e+006 46999.6 0 0.0296847 
2.10484e+006 -51348.8 0 0.269985 
2.13833e+006 -31746.2 0 0.0544312 
2.16176e+006 -67544.8 0 -0.127596 
2.17208e+006 -98300.7 0 0.427652 
2.13319e+006 -112234 0 1.05065 
2.14429e+006 -142489 0 0.958142 
2.11941e+006 -168461 0 0.908699 
2.22644e+006 -81231.7 0 0.533096 
2.23687e+006 -94761.6 0 0.710401 
2.0449e+006 -51943.2 0 0.246961 
2.05309e+006 -6646.13 0 0.518677 
2.03339e+006 -79864.5 0 0.767564 
2.06854e+006 -82082.3 0 0.0202256 
2.07539e+006 -143121 0 2.45376 
2.02961e+006 -155683 0 0.662847 
2.11302e+006 -212200 0 2.13345 
2.10458e+006 -244113 0 0.11409 
2.03114e+006 -211418 0 0.44801 
2.11649e+006 -335041 0 0.965773 
2.0546e+006 -274943 0 0.8221 
2.11097e+006 -299316 0 0.811086 
2.09876e+006 -350322 0 0.519853 
2.15935e+006 -237467 0 1.7365 
2.1468e+006 -291618 0 2.50583 
2.0066e+006 22660.2 0 0.364687 
1.95824e+006 23133.6 0 0.409756 
1.93327e+006 -31868.1 0 0.44861 
1.85179e+006 -73009.9 0 0.96937 
1.87045e+006 -43401.6 0 0.771286 
1.9577e+006 -82334.3 0 0.378426 
1.97972e+006 -134652 0 0.17405 
1.79917e+006 -217706 0 1.1124 
1.79812e+006 -156246 0 1.32394 
1.84595e+006 -151242 0 0.938751 
1.85381e+006 -193870 0 0.880383 
1.85759e+006 -119807 0 0.868988 
1.9155e+006 -141692 0 0.594459 
1.92501e+006 -202564 0 0.211084 
1.82815e+006 -251658 0 0.785219 
1.82252e+006 -302968 0 0.565013 
1.8773e+006 -251394 0 0.65497 
1.93467e+006 -252427 0 0.382475 
1.98549e+006 -277902 0 0.371434 
2.04735e+006 -413700 0 0.349163 
2.04795e+006 -335405 0 -0.204584 
1.98846e+006 -335515 0 0.304648 
2.01617e+006 -402250 0 0.342265 
2.06528e+006 -388779 0 0.174643 
1.99572e+006 -402916 0 0.439501 
2.07051e+006 -426173 0 0.539943 
2.09544e+006 -400864 0 0.248826 
2.11816e+006 -444097 0 1.50722 
2.13656e+006 -414704 0 1.2338 
1.79033e+006 -457694 0 0.368734 
1.79231e+006 -381416 0 0.342307 
1.83024e+006 -388060 0 0.435315 
1.87483e+006 -346232 0 0.539073 
1.8334e+006 -503663 0 0.369113 
1.83734e+006 -453534 0 0.442235 
1.88506e+006 -404108 0 0.487545 
1.92225e+006 -392345 0 0.572922 
1.93177e+006 -335485 0 0.425433 
1.95171e+006 -420626 0 0.724865 
1.99896e+006 -463796 0 0.645609 
2.09179e+006 -535422 0 1.25444 
2.05646e+006 -553410 0 1.07362 
1.89628e+006 -471472 0 0.531361 
2.00887e+006 -501930 0 0.744052 
1.97594e+006 -512465 0 0.645728 
1.94826e+006 -528679 0 0.54065 
2.04926e+006 -560439 0 1.0416 
2.07796e+006 -588213 0 1.3029 
2.11314e+006 -511415 0 1.32675 
2.11992e+006 -513972 0 1.41253 
1.75984e+006 -586105 0 0.405044 
1.79661e+006 -563424 0 0.362066 
1.85072e+006 -582061 0 0.26029 
1.87278e+006 -528774 0 0.394225 
1.92254e+006 -566720 0 0.376543 
2.01841e+006 -576252 0 0.825933 
1.92948e+006 -601509 0 0.296245 
2.08085e+006 -614371 0 1.4259 
1.78625e+006 -655023 0 0.276784 
1.88244e+006 -662971 0 0.0364158 
1.78065e+006 -725977 0 0.384875 
1.85718e+006 -713061 0 0.315045 
1.84209e+006 -678890 0 0.220461 
1.94587e+006 -682139 0 0.377763 
2.04236e+006 -716951 0 1.15654 
1.98437e+006 -631164 0 0.369537 
2.03267e+006 -613702 0 1.02228 
2.064e+006 -678884 0 1.88713 
1.97792e+006 -663738 0 0.500137 
2.11775e+006 -677751 0 1.56548 
1.94926e+006 -736671 0 0.532934 
1.97795e+006 -713504 0 0.586831 
2.02998e+006 -757715 0 0.631459 
2.09656e+006 -766495 0 1.12664 
2.14453e+006 -761785 0 1.26728 
2.06944e+006 -846377 0 0.856399 
1.92656e+006 -781647 0 0.745203 
2.03666e+006 -807416 0 0.687053 
1.9939e+006 -781700 0 0.459391 
2.08198e+006 -826416 0 0.90402 
2.05145e+006 -875303 0 0.801632 
1.84687e+006 -773316 0 0.530048 
1.84221e+006 -817990 0 0.614509 
1.89994e+006 -846302 0 0.767292 
1.98106e+006 -922607 0 0.857094 
1.96582e+006 -871346 0 0.745733 
2.01568e+006 -877607 0 0.751826 
1.71886e+006 -779650 0 0.412118 
1.72428e+006 -817658 0 0.428816 
1.7875e+006 -824833 0 0.540292 
1.81623e+006 -874421 0 0.632693 
1.77092e+006 -881059 0 0.550487 
1.85301e+006 -953687 0 0.895146 
1.82599e+006 -978955 0 0.880331 
1.90361e+006 -911601 0 0.844203 
1.89671e+006 -953695 0 0.818649 
1.8512e+006 -1.0301e+006 0 1.07492 
1.95676e+006 -968678 0 0.886748 
1.98552e+006 -978772 0 0.930144 
1.63251e+006 -854714 0 0.542389 
1.68729e+006 -867862 0 0.4864 
1.74137e+006 -931001 0 0.559048 
1.77208e+006 -996089 0 0.810215 
1.65086e+006 -908204 0 0.350517 
1.71594e+006 -982737 0 0.525612 
1.65128e+006 -956392 0 0.276753 
1.65405e+006 -978391 0 0.188476 
1.65363e+006 -1.00492e+006 0 0.0489346 
1.76214e+006 -1.04047e+006 0 0.98178 
1.81487e+006 -1.06436e+006 0 1.18734 
1.88359e+006 -1.07403e+006 0 1.14765 
1.87073e+006 -1.10231e+006 0 1.18634 
1.85305e+006 -1.13581e+006 0 1.2023 
1.74505e+006 -1.06735e+006 0 1.05779 
1.72508e+006 -1.0839e+006 0 1.04869 
1.79567e+006 -1.10733e+006 0 1.55258 
1.80975e+006 -1.08833e+006 0 1.31912 
1.76306e+006 -1.12734e+006 0 1.3283 
1.79864e+006 -1.17733e+006 0 1.29959 
1.5665e+006 -974182 0 0.566665 
1.53352e+006 -989685 0 0.71064 
1.60461e+006 -1.04033e+006 0 0.492074 
1.55318e+006 -1.05262e+006 0 0.746882 
1.60645e+006 -1.10003e+006 0 0.698 
1.69277e+006 -1.11917e+006 0 0.961422 
1.65854e+006 -1.06332e+006 0 0.556533 
1.67237e+006 -1.14329e+006 0 0.943533 
1.76137e+006 -1.20389e+006 0 1.21981 
1.63755e+006 -1.15782e+006 0 0.90296 
1.72704e+006 -1.21114e+006 0 1.13661 
1.70827e+006 -1.23705e+006 0 1.13125 
1.77185e+006 -1.28146e+006 0 1.24354 
1.5345e+006 -1.11119e+006 0 0.853841 
1.59535e+006 -1.20921e+006 0 0.905646 
1.49705e+006 -1.15719e+006 0 0.876375 
1.57136e+006 -1.2723e+006 0 0.857038 
1.60643e+006 -1.26507e+006 0 0.951784 
1.70809e+006 -1.29405e+006 0 1.20185 
1.65391e+006 -1.22587e+006 0 1.03012 
1.67696e+006 -1.34805e+006 0 1.27269 
1.69138e+006 -1.3157e+006 0 1.24912 
1.76085e+006 -1.35574e+006 0 1.35407 
1.72545e+006 -1.43003e+006 0 1.74355 
1.76078e+006 -1.41809e+006 0 1.42846 
1.85534e+006 -1.62717e+006 0 0.215645 
1.75852e+006 -1.57681e+006 0 0.555864 
1.78369e+006 -1.4937e+006 0 0.811305 
1.83385e+006 -1.52803e+006 0 0.603439 
1.90157e+006 -1.62731e+006 0 0.464852 
1.93396e+006 -1.70622e+006 0 0.568599 
1.85607e+006 -1.70623e+006 0 1.02493 
1.91867e+006 -1.76075e+006 0 0.457226 
1.87514e+006 -1.7884e+006 0 0.533254 
1.92114e+006 -1.79893e+006 0 0.262244 
1.96013e+006 -1.86797e+006 0 -0.393021 
2.00909e+006 -1.96926e+006 0 0.19768 
1.88266e+006 -1.90158e+006 0 0.221126 
1.85967e+006 -1.83685e+006 0 0.418053 
1.81594e+006 -1.7626e+006 0 0.761738 
1.78135e+006 -1.79516e+006 0 0.706577 
1.80411e+006 -1.84681e+006 0 0.578442 
1.75888e+006 -1.8024e+006 0 0.66942 
1.76123e+006 -1.76751e+006 0 0.708333 
1.76449e+006 -1.74833e+006 0 0.724061 
1.77902e+006 -1.72389e+006 0 0.741457 
1.75794e+006 -1.69447e+006 0 0.703588 
1.73609e+006 -1.7264e+006 0 0.756745 
1.71987e+006 -1.6656e+006 0 0.803792 
1.76016e+006 -1.6365e+006 0 0.61014 
1.6883e+006 -1.57181e+006 0 0.813225 
1.61017e+006 -1.52282e+006 0 1.5206 
1.56842e+006 -1.46455e+006 0 1.04204 
1.67076e+006 -1.41821e+006 0 1.2566 
1.57013e+006 -1.32409e+006 0 0.728174 
1.59236e+006 -1.37462e+006 0 0.812792 
1.56527e+006 -1.37337e+006 0 0.585488 
1.6488e+006 -1.51285e+006 0 1.0604 
1.70423e+006 -1.50064e+006 0 0.35624 
1.52957e+006 -1.48443e+006 0 1.14649 
1.53054e+006 -1.41088e+006 0 0.274364 
1.49307e+006 -1.48419e+006 0 1.14799 
1.47622e+006 -1.04615e+006 0 1.16686 
1.40569e+006 -1.1887e+006 0 0.818227 
1.41607e+006 -1.30117e+006 0 0.432596 
1.42739e+006 -1.40069e+006 0 0.268886 
1.46319e+006 -1.20653e+006 0 0.750829 
1.51611e+006 -1.30003e+006 0 0.666387 
1.482e+006 -1.31013e+006 0 0.401781 
1.49943e+006 -1.3977e+006 0 -0.315853 
1.47058e+006 -1.35826e+006 0 -0.0668242 
1.45664e+006 -1.4106e+006 0 0.0937064 
1.45158e+006 -1.51653e+006 0 1.51345 
1.41987e+006 -1.46881e+006 0 0.865075 
1.478e+006 -1.53767e+006 0 2.04475 
1.44931e+006 -1.5803e+006 0 1.66412 
1.40054e+006 -1.52245e+006 0 1.23144 
1.32142e+006 -1.50138e+006 0 0.90442 
1.30129e+006 -1.46068e+006 0 0.76129 
1.26131e+006 -1.47562e+006 0 0.766867 
1.26305e+006 -1.51885e+006 0 0.866282 
1.19887e+006 -1.49761e+006 0 0.741706 
1.21191e+006 -1.53538e+006 0 0.660006 
1.37407e+006 -1.3957e+006 0 0.491408 
1.34411e+006 -1.38942e+006 0 0.536882 
1.37026e+006 -1.4727e+006 0 0.838551 
1.31662e+006 -1.37543e+006 0 0.557149 
1.3018e+006 -1.36637e+006 0 0.548125 
1.268e+006 -1.38778e+006 0 0.582371 
1.24042e+006 -1.43206e+006 0 0.631756 
1.21821e+006 -1.46659e+006 0 0.61672 
1.38913e+006 -1.00338e+006 0 0.921123 
1.41456e+006 -1.0302e+006 0 1.05362 
1.36948e+006 -1.05055e+006 0 1.21294 
1.41944e+006 -1.06938e+006 0 1.14574 
1.33956e+006 -1.0817e+006 0 1.54315 
1.2957e+006 -1.14298e+006 0 1.00242 
1.27777e+006 -1.22963e+006 0 0.480658 
1.36277e+006 -1.14963e+006 0 1.05967 
1.33809e+006 -1.22078e+006 0 0.681295 
1.34257e+006 -1.28535e+006 0 0.494376 
1.26753e+006 -1.30072e+006 0 0.407188 
1.21907e+006 -1.2384e+006 0 0.131155 
1.21197e+006 -1.34277e+006 0 0.533233 
1.19503e+006 -1.41201e+006 0 0.576652 
1.06927e+006 -1.12621e+006 0 0.598766 
1.03858e+006 -1.12555e+006 0 0.579307 
1.10666e+006 -1.14031e+006 0 0.649817 
1.03706e+006 -1.18621e+006 0 0.595256 
1.10773e+006 -1.1789e+006 0 0.63103 
1.10947e+006 -1.24219e+006 0 0.655921 
1.137e+006 -1.19524e+006 0 0.588973 
1.06243e+006 -1.25235e+006 0 0.651051 
1.22982e+006 -1.10768e+006 0 0.987861 
1.18144e+006 -1.11533e+006 0 0.814335 
1.239e+006 -1.14189e+006 0 0.828354 
1.17785e+006 -1.19815e+006 0 0.494208 
1.16345e+006 -1.26515e+006 0 0.526824 
1.13274e+006 -1.34854e+006 0 1.00786 
1.08936e+006 -1.30465e+006 0 0.778992 
1.1455e+006 -1.41551e+006 0 0.737185 
1.15494e+006 -1.48512e+006 0 0.819749 
1.16603e+006 -1.5337e+006 0 0.776055 
1.04826e+006 -1.32817e+006 0 0.732395 
1.07541e+006 -1.37839e+006 0 0.803333 
1.09058e+006 -1.4497e+006 0 0.760579 
1.00205e+006 -1.40479e+006 0 0.652252 
1.04872e+006 -1.42708e+006 0 0.715195 
1.09835e+006 -1.53902e+006 0 0.685418 
1.04081e+006 -1.48968e+006 0 0.651315 
1.11814e+006 -1.48884e+006 0 0.785352 
1.0486e+006 -1.54045e+006 0 0.629469 
1.00771e+006 -1.28903e+006 0 0.639013 
954091 -1.36404e+006 0 0.542408 
947969 -1.43284e+006 0 0.509547 
987313 -1.51168e+006 0 0.516525 
937985 -1.48581e+006 0 0.455805 
702735 352434 0 0.474079 
630349 269811 0 0.125298 
566470 268847 0 -1.00583 
603074 268528 0 0.111955 
643425 213273 0 -0.469377 
715287 197355 0 0.412094 
782144 221657 0 2.96918 
825874 218971 0 -0.394978 
865052 298360 0 0.118795 
867599 249657 0 -0.119771 
917414 260194 0 0.597564 
991054 234370 0 -0.0324597 
1.12022e+006 257186 0 -0.396607 
1.16945e+006 267543 0 -0.643203 
1.0097e+006 316887 0 -0.0536313 
965913 -38159.8 0 -0.753436 
989319 55019.9 0 -0.364049 
934175 28698.8 0 -0.216537 
914407 76606.7 0 -0.0749486 
915487 107514 0 0.565107 
876378 191842 0 0.0927611 
908818 220318 0 0.583102 
925855 146230 0 0.518956 
968151 162313 0 0.161588 
955380 213241 0 -0.425833 
999529 200305 0 0.164324 
1.03103e+006 188649 0 -0.0759291 
867081 -70145.8 0 -1.23801 
877092 27465.9 0 0.346328 
923505 -54923.7 0 -0.380207 
939502 -4642.72 0 -0.418697 
1.07931e+006 -287556 0 0.357875 
986100 -180059 0 0.749881 
961284 -107385 0 0.735969 
1.19021e+006 -245406 0 0.505779 
1.1349e+006 -172373 0 -0.512941 
1.20094e+006 -179728 0 -0.970938 
1.27103e+006 -149122 0 -0.807968 
1.24442e+006 -95969 0 -0.638347 
1.17341e+006 -106360 0 -0.552304 
1.20897e+006 -147693 0 0.437931 
1.11477e+006 -44480.6 0 -0.637186 
1.1756e+006 -14615.9 0 -0.92317 
1.14656e+006 36319.3 0 -0.986575 
1.10961e+006 64271.1 0 -1.1331 
1.16046e+006 113098 0 -0.811981 
1.05905e+006 230587 0 -0.207347 
1.09755e+006 215007 0 -0.388947 
1.05697e+006 -26085.1 0 -0.589167 
1.20283e+006 252390 0 -0.74355 
1.17848e+006 237117 0 -0.725359 
1.28465e+006 158509 0 -0.890567 
1.19487e+006 152706 0 -0.957063 
1.22607e+006 151765 0 -0.910306 
1.26714e+006 123581 0 -0.936473 
1.24577e+006 82217.7 0 -0.886789 
1.27969e+006 45826.9 0 -1.0261 
1.27466e+006 -5431.55 0 -1.1647 
1.33501e+006 -4460.04 0 -0.797593 
1.38414e+006 -1530.82 0 -0.634921 
1.23998e+006 -4223.45 0 -1.45231 
1.21705e+006 -45004.5 0 -1.20722 
1.26623e+006 -59178.5 0 -0.956365 
1.32913e+006 -79040.3 0 -0.612863 
1.34774e+006 -33774.8 0 -0.672258 
1.29775e+006 -40916.3 0 -0.90411 
1.32431e+006 113963 0 -0.872276 
1.39098e+006 -62064.5 0 -0.255786 
1.39271e+006 -137372 0 -0.114378 
1.3743e+006 -110919 0 -0.183666 
1.36635e+006 -152914 0 -0.357083 
1.33007e+006 -156338 0 -0.719498 
1.35435e+006 -209451 0 -0.438068 
1.32065e+006 -206499 0 -0.999417 
1.25729e+006 -270592 0 0.78858 
1.2837e+006 -357474 0 1.48387 
1.26821e+006 -306207 0 2.18004 
1.29328e+006 -254155 0 0.298314 
1.31057e+006 -331818 0 1.25251 
1.35971e+006 -317004 0 0.587401 
1.33331e+006 -269726 0 0.295675 
1.37544e+006 -262866 0 0.292868 
1.41216e+006 -291460 0 0.583244 
1.45427e+006 -271038 0 0.73219 
1.49544e+006 -251846 0 1.01363 
1.54413e+006 -237966 0 1.53555 
1.54137e+006 -205234 0 0.984743 
1.57623e+006 -195170 0 0.480374 
1.64235e+006 -118759 0 0.834725 
1.73424e+006 -53809.6 0 1.0745 
1.7265e+006 -26226.6 0 0.937794 
1.72936e+006 4786.24 0 0.835181 
1.53741e+006 -159495 0 0.643748 
1.74162e+006 37584.6 0 0.773191 
1.79384e+006 -48850.1 0 0.979085 
1.79086e+006 12065.6 0 0.769518 
1.84067e+006 62287.5 0 0.329019 
1.90904e+006 133435 0 0.465822 
1.87608e+006 22339.2 0 0.398778 
1.93663e+006 90343.1 0 0.467662 
1.8878e+006 87749.6 0 0.408546 
1.96764e+006 163600 0 0.438235 
1.88906e+006 177983 0 0.400617 
1.79847e+006 89410.7 0 0.756379 
1.91086e+006 243559 0 0.0804457 
1.94739e+006 218584 0 0.46338 
1.92439e+006 193724 0 0.4497 
1.95682e+006 245682 0 -0.653505 
2.01438e+006 203884 0 -0.168211 
1.98571e+006 275336 0 -0.240199 
2.00644e+006 306262 0 0.10433 
1.75179e+006 -106918 0 1.41503 
1.70115e+006 -96696.9 0 1.19654 
1.69333e+006 -172302 0 1.30923 
1.64992e+006 -156236 0 0.876795 
1.73784e+006 -180220 0 2.09031 
1.73416e+006 -230385 0 1.01948 
1.76935e+006 -289298 0 0.50893 
1.73265e+006 -295129 0 0.265226 
1.69282e+006 -273887 0 -0.162255 
1.719e+006 -460076 0 0.435318 
1.68422e+006 -444613 0 0.494254 
1.69698e+006 -399475 0 0.434832 
1.7446e+006 -431016 0 0.364059 
1.69259e+006 -349299 0 0.444608 
1.74773e+006 -351308 0 0.148495 
1.63714e+006 -300784 0 0.436332 
1.62518e+006 -212352 0 0.634326 
1.59244e+006 -245639 0 0.822214 
1.64341e+006 -266999 0 0.405953 
1.66728e+006 -248482 0 0.353564 
1.63503e+006 -364446 0 0.530147 
1.62088e+006 -420783 0 0.651274 
1.56297e+006 -491057 0 0.586001 
1.63376e+006 -482888 0 0.717392 
1.5153e+006 -443423 0 0.618555 
1.56118e+006 -312309 0 0.902275 
1.47889e+006 -312640 0 0.843066 
1.5188e+006 -325318 0 0.881376 
1.53869e+006 -406894 0 0.676223 
1.56674e+006 -378164 0 0.718867 
1.48656e+006 -385684 0 0.731207 
1.68967e+006 -725206 0 0.466951 
1.67955e+006 -660029 0 0.554536 
1.72389e+006 -569677 0 0.473944 
1.66015e+006 -605002 0 0.589404 
1.68204e+006 -559316 0 0.553995 
1.6235e+006 -582650 0 0.788636 
1.66087e+006 -529506 0 0.58154 
1.58012e+006 -539920 0 0.605335 
1.60279e+006 -600670 0 0.712671 
1.42627e+006 -382695 0 0.733779 
1.4529e+006 -524700 0 0.809931 
1.42011e+006 -476280 0 0.724942 
1.61114e+006 -638602 0 0.716571 
1.56005e+006 -587939 0 0.682161 
1.57898e+006 -655648 0 0.62417 
1.5643e+006 -699514 0 0.505387 
1.51908e+006 -660619 0 0.554867 
1.50687e+006 -608761 0 0.408136 
1.34466e+006 -407852 0 0.741988 
1.32297e+006 -476191 0 0.717692 
1.27981e+006 -479158 0 -0.0885859 
1.5211e+006 -518000 0 0.536492 
1.53939e+006 -600623 0 0.431051 
1.48507e+006 -553963 0 0.570312 
1.48552e+006 -596265 0 0.629353 
1.41163e+006 -550419 0 0.71156 
1.37332e+006 -488939 0 0.604366 
1.30282e+006 -544864 0 0.533126 
1.41838e+006 -609764 0 0.858723 
1.37382e+006 -616010 0 0.742464 
1.48763e+006 -699792 0 0.746496 
1.46996e+006 -722453 0 0.606683 
1.44478e+006 -726261 0 0.604265 
1.42069e+006 -674594 0 0.670326 
1.34267e+006 -646357 0 0.783424 
1.26977e+006 -748582 0 0.600663 
1.23114e+006 -808239 0 0.596491 
1.16174e+006 -780972 0 0.643075 
1.18836e+006 -731227 0 0.741619 
1.12354e+006 -730235 0 0.822155 
1.12382e+006 -780028 0 0.652394 
1.2328e+006 -367202 0 1.47458 
1.23945e+006 -382038 0 1.20198 
1.23793e+006 -400712 0 0.837365 
1.19272e+006 -339143 0 0.781688 
1.14402e+006 -391695 0 0.41538 
1.13685e+006 -349014 0 0.598276 
1.15679e+006 -416499 0 0.329418 
1.0872e+006 -457705 0 0.989434 
1.02944e+006 -450853 0 -1.01302 
1.12626e+006 -457273 0 0.107267 
1.07358e+006 -550506 0 1.3912 
1.02986e+006 -556763 0 1.37311 
1.06165e+006 -668041 0 0.635596 
1.00982e+006 -624253 0 -0.27157 
996032 -667339 0 -0.0121941 
1.19504e+006 -462554 0 1.22247 
1.12464e+006 -585794 0 1.66771 
1.12618e+006 -518862 0 0.464758 
1.21616e+006 -488561 0 0.186746 
1.23667e+006 -498834 0 0.196817 
1.22822e+006 -543332 0 0.546186 
1.24049e+006 -574389 0 0.865232 
1.16694e+006 -593248 0 0.713617 
1.13466e+006 -648419 0 1.37863 
1.4374e+006 -775401 0 0.607643 
1.39981e+006 -726369 0 0.696607 
1.33776e+006 -774325 0 0.717332 
1.37676e+006 -821860 0 0.693604 
1.32884e+006 -832307 0 0.625544 
1.29115e+006 -850709 0 0.602047 
1.28847e+006 -936459 0 0.513872 
1.30153e+006 -897300 0 0.486679 
1.23239e+006 -863412 0 0.581362 
1.18214e+006 -883131 0 0.570013 
1.23095e+006 -910827 0 0.586152 
1.17313e+006 -911980 0 0.54973 
1.09566e+006 -840588 0 0.589924 
1.15662e+006 -839957 0 0.594082 
1.25836e+006 -613382 0 0.770122 
1.27981e+006 -659905 0 0.751516 
1.29275e+006 -699519 0 0.648496 
1.20531e+006 -659904 0 0.683159 
1.1464e+006 -688904 0 0.996496 
1.08575e+006 -705332 0 0.757924 
1.02881e+006 -766950 0 0.497669 
1.0108e+006 -732299 0 0.0677003 
1.0834e+006 -775748 0 0.603518 
987471 -797735 0 0.228339 
1.6011e+006 -737793 0 0.578307 
1.60601e+006 -758093 0 0.572441 
1.60845e+006 -794186 0 0.589148 
1.49917e+006 -818657 0 0.551071 
1.56655e+006 -883795 0 0.557422 
1.53383e+006 -888389 0 0.595357 
1.48876e+006 -868481 0 0.563305 
1.56447e+006 -827516 0 0.593041 
1.41934e+006 -893697 0 0.595587 
1.50066e+006 -939967 0 0.692156 
1.52013e+006 -915888 0 0.617185 
1.44473e+006 -922794 0 0.657908 
1.53594e+006 -762184 0 0.578826 
1.48752e+006 -780355 0 0.574224 
1.42611e+006 -858828 0 0.594789 
1.36898e+006 -872258 0 0.591463 
1.35004e+006 -977676 0 0.644477 
1.43099e+006 -960687 0 0.759108 
1.43099e+006 -989771 0 0.880436 
1.32589e+006 -953680 0 0.322212 
1.28783e+006 -1.04048e+006 0 1.10012 
1.21999e+006 -1.05042e+006 0 1.22367 
1.24348e+006 -985736 0 0.821154 
1.178e+006 -1.00623e+006 0 0.761747 
1.12686e+006 -1.04419e+006 0 0.646868 
1.11099e+006 -1.08566e+006 0 0.657918 
1.07865e+006 -989115 0 0.512235 
1.22296e+006 -955296 0 0.683452 
1.14282e+006 -939175 0 0.48066 
1.1223e+006 -972120 0 0.371636 
1.07089e+006 -893030 0 0.53087 
1.03326e+006 -838330 0 0.489237 
414465 283074 0 -1.37369 
426077 252300 0 -1.30792 
502995 252020 0 -1.03514 
459535 163277 0 -1.28373 
444426 209624 0 -1.33337 
394390 202003 0 -0.764697 
367219 171651 0 -1.23743 
381975 129955 0 -1.44099 
448426 110574 0 -1.26906 
405705 85230.4 0 -1.03727 
472570 68083.6 0 -1.52851 
434007 41461.4 0 -0.429932 
439808 3587.55 0 1.60006 
532102 26092.8 0 -1.12634 
500951 111218 0 -0.438943 
261667 44098.9 0 1.0214 
310855 53349.9 0 1.16169 
291828 -13479.4 0 0.8046 
351794 -16998.7 0 0.594642 
348967 61845.5 0 -0.429238 
311913 -80454.6 0 0.65692 
436434 -58628.2 0 0.842827 
375577 -72662.8 0 0.809487 
465724 -134964 0 0.840242 
427725 -100234 0 0.853622 
500513 -99046.5 0 0.702528 
485958 -24416.1 0 -0.596703 
604060 146459 0 -0.0160481 
645384 153957 0 0.140311 
548678 174096 0 0.56115 
521617 134178 0 0.513696 
574881 67389.2 0 0.0968501 
585339 -12654.7 0 -0.22826 
541935 -56158.3 0 -0.201145 
656481 -47867.6 0 0.0910916 
589731 -66645.7 0 0.0693362 
691938 -37990.5 0 -0.00230707 
721607 -80664.4 0 -0.26748 
739930 -11001.3 0 -0.211933 
640523 -107215 0 0.101444 
691967 127836 0 -0.786636 
779908 170757 0 -1.05817 
749306 132997 0 0.143841 
736154 92813.2 0 -0.139114 
670692 25728.1 0 0.593203 
711434 17862.7 0 0.125057 
640218 66781.1 0 -0.35735 
710507 -138891 0 -0.177599 
655590 -142864 0 0.0625491 
752037 -205278 0 -0.160958 
671519 -190496 0 -0.00473059 
800281 -249495 0 0.00441872 
738421 -259312 0 -0.0718641 
813385 136126 0 -0.116679 
806249 57754 0 -0.10385 
804196 -40250.9 0 -1.00568 
800139 -108970 0 -0.754793 
796914 -147122 0 -0.626908 
748716 -120225 0 -0.427594 
780167 -338627 0 0.0778126 
651643 -220928 0 0.0632465 
763074 -307479 0 0.055373 
768225 -408941 0 -0.300698 
557288 -325786 0 0.704468 
615463 -354540 0 0.54828 
688322 -402735 0 0.397035 
580747 -153713 0 0.37767 
565470 -177417 0 0.453209 
530979 -168106 0 0.616351 
560675 -219591 0 0.428232 
630466 -269931 0 0.226938 
726478 -323908 0 0.0568085 
540878 -246551 0 0.448258 
627975 -313084 0 0.365119 
686371 -355659 0 0.181735 
903763 -193310 0 -0.611369 
891556 -124725 0 -0.533517 
834541 -215526 0 -0.411056 
858693 -195093 0 -0.596534 
859441 -289079 0 -0.0438765 
928175 -252229 0 -1.21016 
854833 -332606 0 0.401499 
358043 -112935 0 0.722873 
433388 -193815 0 0.859106 
461228 -180849 0 0.897631 
505654 -329466 0 0.881091 
500553 -229726 0 0.736009 
444954 -286996 0 0.921767 
453589 -340638 0 0.954393 
527057 -387004 0 0.738979 
632945 -421038 0 0.711829 
703829 -479973 0 1.13123 
667071 -484958 0 1.04361 
680299 -514561 0 1.21816 
757259 -562475 0 1.29843 
664868 -538992 0 1.19834 
678133 -589341 0 1.15168 
730492 -576316 0 1.31327 
760173 -618943 0 0.994374 
828990 -630408 0 0.959175 
1.0776e+006 -322219 0 0.987341 
1.04284e+006 -388419 0 -0.996622 
1.02168e+006 -285597 0 0.965585 
991727 -270980 0 1.40656 
967148 -348284 0 0.111446 
958216 -199826 0 0.572691 
944830 -302139 0 0.0880205 
895864 -364230 0 1.02102 
955904 -389375 0 -0.223076 
846069 -456153 0 -0.0531136 
920366 -427352 0 -0.711059 
829490 -413858 0 0.920815 
953750 -488482 0 -0.144035 
908095 -546953 0 -0.581321 
862889 -504903 0 0.134402 
920321 -471124 0 -0.44974 
779065 -473572 0 2.11069 
815914 -550124 0 1.28362 
857681 -584349 0 0.744977 
854979 -678324 0 0.75463 
775670 -738720 0 0.668421 
753720 -712514 0 0.900262 
817713 -732438 0 0.495444 
908259 -760179 0 -0.221832 
953290 -715868 0 -0.568994 
886542 -796707 0 0.0569661 
958074 -795420 0 0.0600941 
972833 -533228 0 -0.240676 
943865 -626690 0 -0.510524 
909601 -608248 0 0.844382 
889397 -673186 0 0.379811 
901865 -1.01434e+006 0 0.530965 
996020 -852869 0 0.384543 
984653 -897107 0 0.47948 
1.02267e+006 -918767 0 0.576093 
994759 -946986 0 0.648057 
1.00492e+006 -977078 0 0.716255 
946959 -942266 0 0.567677 
1.03472e+006 -1.04923e+006 0 0.602168 
977922 -1.00244e+006 0 0.875635 
944875 -1.01832e+006 0 0.617209 
964942 -1.0451e+006 0 0.471896 
920539 -1.05412e+006 0 0.512853 
855865 -1.13588e+006 0 0.529805 
945919 -846691 0 0.245212 
843075 -796136 0 0.337336 
871319 -1.049e+006 0 0.477724 
906055 -896593 0 0.397912 
834769 -1.03743e+006 0 0.464362 
754575 -1.0709e+006 0 0.561482 
822158 -993287 0 0.456818 
811508 -1.1351e+006 0 0.540547 
831010 -1.10123e+006 0 0.469721 
770377 -1.1525e+006 0 0.42866 
757626 -1.11972e+006 0 0.489763 
832618 -1.2745e+006 0 0.508407 
983675 -1.10195e+006 0 0.512223 
908926 -1.15824e+006 0 0.484593 
961048 -1.13962e+006 0 0.527371 
918542 -1.0923e+006 0 0.512849 
965424 -1.18272e+006 0 0.505142 
915251 -1.26408e+006 0 0.488285 
871461 -1.22607e+006 0 0.501733 
872164 -1.34015e+006 0 0.487004 
847529 -1.2847e+006 0 0.503553 
596737 -1.13441e+006 0 0.801744 
647109 -1.18369e+006 0 0.905602 
607992 -1.20221e+006 0 0.934522 
686504 -1.24357e+006 0 0.887779 
729648 -1.29905e+006 0 0.83053 
685003 -1.14521e+006 0 0.711467 
741988 -1.22908e+006 0 0.631364 
772184 -1.23596e+006 0 0.43475 
684856 -1.322e+006 0 0.807913 
740247 -1.37719e+006 0 0.796403 
766760 -1.48865e+006 0 0.5491 
728890 -1.40139e+006 0 0.774541 
693387 -1.39707e+006 0 0.828564 
741577 -1.45221e+006 0 0.708758 
784600 -1.46707e+006 0 0.581773 
800706 -1.46048e+006 0 0.583877 
785008 -1.3234e+006 0 0.528706 
816186 -1.31718e+006 0 0.423277 
823518 -1.379e+006 0 0.409086 
844864 -1.38963e+006 0 0.456553 
975389 -1.24071e+006 0 0.507652 
910982 -1.33729e+006 0 0.567187 
887025 -1.4058e+006 0 0.515564 
840536 -1.43606e+006 0 0.371131 
864655 -1.45738e+006 0 0.404118 
836423 -1.49274e+006 0 0.456278 
848378 -1.56659e+006 0 0.383299 
836525 -1.52483e+006 0 0.448224 
877948 -1.53203e+006 0 0.435511 
906319 -1.54265e+006 0 0.433475 
910004 -1.59281e+006 0 0.365314 
922997 -1.51968e+006 0 0.450913 
834589 -1.57733e+006 0 0.347223 
818327 -1.59294e+006 0 0.305977 
763925 -1.5541e+006 0 0.288463 
783287 -1.63123e+006 0 0.303455 
732331 -1.57771e+006 0 0.104576 
719108 -1.64324e+006 0 0.476288 
681921 -1.59147e+006 0 1.30271 
671333 -1.54087e+006 0 1.15803 
638509 -1.58731e+006 0 1.24165 
645262 -1.64031e+006 0 1.06809 
1.06162e+006 -1.69869e+006 0 0.663633 
964142 -1.55508e+006 0 0.452942 
960111 -1.59087e+006 0 0.422695 
1.00241e+006 -1.62266e+006 0 0.586583 
950748 -1.64927e+006 0 0.427056 
897057 -1.6708e+006 0 0.296424 
-201822 425760 0 1.48982 
-152526 406898 0 1.566 
-46489.3 330623 0 1.32424 
-3877.63 401565 0 1.09543 
-85798.1 393196 0 1.53042 
262885 109998 0 0.614344 
291946 92716.7 0 0.527482 
320080 182460 0 -0.929335 
256710 185875 0 0.872936 
207699 134226 0 0.810858 
282353 208003 0 1.16443 
231416 258940 0 1.04729 
302178 256487 0 1.40091 
180090 292937 0 0.615225 
79269.6 371145 0 1.04304 
8012.62 320198 0 1.2595 
123924 283047 0 0.808782 
145061 206044 0 0.766114 
187382 211015 0 0.883285 
248238 297891 0 0.920342 
391599 347352 0 -0.148517 
289685 334766 0 0.972635 
319434 379932 0 0.795167 
324682 313494 0 0.679583 
234251 342722 0 0.783821 
184514 337099 0 0.554463 
168744 362081 0 0.644098 
252595 368977 0 0.772003 
166159 394345 0 0.647787 
225088 409675 0 0.561413 
257299 424023 0 0.576778 
112816 430577 0 0.75678 
309155 429619 0 0.650162 
629936 358949 0 0.424124 
560414 356156 0 0.134146 
518587 403769 0 0.727389 
442778 403412 0 0.184327 
515720 350448 0 -0.0455743 
460583 341719 0 -0.454113 
393916 398234 0 0.222822 
386440 419644 0 0.344508 
362449 449071 0 0.474191 
-1.01119e+006 524584 0 -0.430715 
-988140 508308 0 -0.46991 
-998622 50933.7 0 0.920672 
-992232 96950.5 0 1.06331 
-947493 90925.4 0 0.940288 
-1.02362e+006 153260 0 1.25131 
-932946 159328 0 1.17821 
-935109 201838 0 1.27624 
-913709 93567 0 0.910197 
-870308 114614 0 0.954428 
-892376 229433 0 1.07102 
-860487 331635 0 0.500431 
-848647 262403 0 0.885598 
-926512 358464 0 0.184911 
-816622 300526 0 0.654049 
-947083 445212 0 -0.776364 
-933467 483828 0 -0.535041 
-846171 431930 0 0.118857 
-843849 466573 0 0.0788532 
-886629 387206 0 0.104709 
-723935 361785 0 0.579157 
-770128 323234 0 0.603693 
-747045 277200 0 0.723311 
-573223 325639 0 1.08747 
-525396 277823 0 0.991029 
-488130 244257 0 1.34219 
-736745 201606 0 0.884936 
-624540 213110 0 1.1894 
-658125 243917 0 1.00836 
-664863 272619 0 0.768574 
-607713 280408 0 1.03796 
-952845 506987 0 -0.482958 
-742653 458028 0 0.650227 
-732036 484913 0 0.668756 
-649403 426611 0 0.763888 
-747422 412356 0 0.461395 
-777532 462550 0 0.536769 
-700623 471388 0 0.490609 
-674460 468154 0 0.532128 
-647836 389812 0 0.703445 
-614510 454370 0 0.829924 
-564948 455704 0 1.11219 
-509492 382328 0 1.16714 
-535189 443692 0 1.13951 
-575451 376390 0 0.838387 
-507304 442858 0 1.15693 
-471377 414497 0 1.12949 
-435318 360948 0 1.50718 
-407672 298595 0 1.46178 
-400162 417363 0 1.53423 
-437800 430176 0 1.5466 
-337209 350064 0 1.48317 
-342799 409435 0 1.52437 
-295635 430337 0 1.50343 
-813585 14969.5 0 0.761899 
-802322 119078 0 0.924159 
-820598 162663 0 0.89114 
-706876 126248 0 1.12299 
-759527 86324.2 0 1.09342 
-727377 48602.2 0 1.30979 
-634552 147123 0 1.17503 
-655155 93159.9 0 1.29998 
-752106 -133253 0 0.611575 
-735395 -178914 0 0.680922 
-717356 -212211 0 0.739056 
-642734 -200146 0 0.582904 
-671027 -156778 0 0.64612 
-618287 -156271 0 0.679091 
-667803 -89540.5 0 0.903201 
-596227 -81821.3 0 0.845954 
-716960 -55177.4 0 1.1092 
-631098 10501.4 0 1.35836 
-689154 -25178.5 0 1.4236 
-772152 -12351.8 0 0.763602 
-761140 -46676.4 0 0.689108 
-688726 11670.4 0 1.66948 
-597518 96882.5 0 0.963852 
-586108 50511.7 0 0.993452 
-543167 14744.3 0 0.626082 
-467179 97328 0 1.27623 
-558752 -119583 0 1.25666 
-485670 -78060.5 0 1.42448 
-561249 -170565 0 0.833886 
-510078 -161809 0 1.47538 
-527199 -67783.1 0 1.15045 
-527627 -28951.2 0 0.962709 
-451439 28414.3 0 1.38654 
-422788 -5266.25 0 1.64719 
-394658 118254 0 1.54657 
-422841 103555 0 1.46203 
-506478 176259 0 1.28325 
-547220 209583 0 1.34684 
-522567 99490.9 0 1.00677 
-349581 262213 0 1.40365 
-360990 161848 0 1.55486 
-182353 340740 0 1.45629 
-263258 391032 0 1.52303 
-339747 60687.4 0 1.93838 
-347130 79659.5 0 1.81706 
-278229 196899 0 1.5948 
-306752 226009 0 1.47002 
-233474 288603 0 1.48948 
-455098 -156645 0 1.73851 
-447782 -181370 0 1.77989 
-394157 -139319 0 2.21993 
-369736 -200349 0 2.39679 
-414799 -201002 0 1.99005 
-309307 -179191 0 3.4007 
-340504 -119705 0 2.49427 
-313023 -218059 0 2.62491 
-259485 -142529 0 0.993729 
-269644 -101796 0 1.98082 
-224196 -92050 0 2.07456 
-142510 -54493.3 0 3.15152 
-185424 -16087.8 0 2.44452 
-402836 -76045.5 0 2.00755 
-273008 -31297.5 0 3.06456 
-322811 -53880.8 0 2.47327 
-67937.5 258961 0 1.39806 
-37518.3 105948 0 1.32257 
4153.2 207615 0 1.24289 
8609.14 141786 0 1.24462 
-38422.7 -12054.6 0 1.57424 
32010.7 80415 0 1.28097 
-170719 247169 0 1.48361 
-204756 204765 0 1.54864 
-118174 193494 0 1.49358 
-180927 159985 0 1.55456 
-177128 129414 0 1.57815 
-84774 151466 0 1.47792 
-242210 115013 0 1.80822 
-240645 76912.4 0 2.00407 
-124915 79958.9 0 1.3356 
-271955 21516.6 0 2.51419 
-218768 34803.5 0 2.19582 
-122390 27810.6 0 1.15713 
59127.1 -144293 0 1.29635 
-99924.1 -97191.9 0 2.21248 
16894.6 -41830.1 0 1.45817 
-4287.96 -115346 0 1.56255 
75572.4 -96216.9 0 1.33417 
-226721 -207199 0 1.52601 
-122846 -157409 0 1.79407 
-98831.4 -193564 0 1.45078 
-11588.8 -157136 0 1.34098 
81630.6 -221056 0 1.20432 
-320337 -263695 0 2.00446 
-207295 -276148 0 1.22597 
-34936.6 -255568 0 0.893263 
-121075 -266978 0 0.952024 
782.719 -215919 0 1.19344 
123841 -263880 0 1.08485 
52380.7 279020 0 1.27572 
59577.4 245787 0 1.26848 
127924 157154 0 0.841179 
97215.6 117822 0 1.11074 
159728 52717.7 0 0.763927 
143601 -42583.9 0 0.872139 
49933.4 38440.6 0 1.35518 
83924.2 27888.6 0 1.24028 
74905.6 -32431.2 0 1.30307 
197877 47755.6 0 0.815664 
167151 -149121 0 0.93286 
192562 -239929 0 0.912984 
228712 -169233 0 0.962978 
208226 -66296.4 0 1.00576 
205430 -22562.9 0 0.933892 
245286 -36906 0 0.766169 
272603 -155560 0 0.917348 
318697 -152742 0 0.856906 
-534005 -465120 0 0.184369 
-567342 -374863 0 0.374954 
-563396 -290964 0 0.536927 
-518019 -334141 0 0.942033 
-502990 -290907 0 1.19157 
-645235 -247701 0 0.511932 
-515229 -225707 0 1.43565 
-422128 -260772 0 1.63577 
-282077 -340691 0 1.24815 
-489797 -398226 0 0.544238 
-433407 -326960 0 1.1856 
-379607 -364981 0 0.987981 
-301710 -376201 0 1.05463 
-129891 -397070 0 0.270919 
-498242 -638115 0 0.39084 
-452721 -608205 0 0.853099 
-390191 -548852 0 0.588211 
-470697 -566368 0 1.18271 
-453580 -531721 0 0.223322 
-452141 -496206 0 0.0583401 
-447508 -459864 0 0.190793 
-407931 -450086 0 0.494098 
-386616 -443682 0 0.565724 
-375249 -585016 0 0.680728 
-354514 -592702 0 0.681089 
-284169 -489731 0 0.784209 
-308015 -569366 0 0.787666 
-319192 -467896 0 0.748264 
-381063 -406086 0 0.748675 
-281030 -412422 0 0.888269 
-307346 -429903 0 0.836659 
-142730 -433400 0 0.131262 
5883.2 -451384 0 1.05538 
79103.4 -465807 0 1.26517 
163534 -426341 0 1.35445 
221719 -380919 0 1.23209 
308259 -416042 0 1.4778 
278307 -438821 0 1.76952 
-112360 -323054 0 0.498303 
-103103 -353226 0 0.268646 
61497.5 -391620 0 1.4462 
14272 -414383 0 1.07393 
35392.6 -400468 0 1.22625 
-47586 -311371 0 0.468572 
93074.6 -380307 0 1.45088 
22889.9 -314872 0 0.913279 
184197 -386652 0 1.28331 
114038 -356035 0 1.47146 
110456 -304780 0 1.23713 
196100 -299712 0 1.02772 
255332 -353051 0 0.956406 
255444 -305722 0 0.971157 
318667 -317539 0 1.06013 
323770 -218789 0 0.955711 
372081 -207999 0 0.89692 
324955 -275375 0 0.983327 
368075 -276507 0 0.926674 
342432 -388978 0 1.23946 
376933 -321934 0 1.05375 
349616 -442902 0 1.32667 
388703 -391011 0 1.1148 
413849 -393662 0 1.06806 
370216 -477115 0 1.25202 
397852 -512345 0 1.10959 
327740 -483639 0 1.41551 
334584 -548163 0 1.2232 
344103 -523495 0 1.27206 
434426 -414097 0 1.05247 
430015 -482046 0 1.09204 
433806 -592447 0 1.02201 
462438 -538368 0 1.14476 
442786 -486283 0 1.08126 
-245254 -586611 0 0.867792 
-219921 -531809 0 0.686626 
-212919 -609023 0 0.820485 
-88423.1 -527357 0 0.776516 
-164559 -495356 0 0.486907 
-152423 -469259 0 0.488861 
-81943.5 -480421 0 0.618578 
-49548.8 -477727 0 0.781189 
16839.8 -513332 0 0.993269 
-100552 -606804 0 0.980989 
-9120.6 -559528 0 0.728623 
-154485 -616516 0 0.425737 
-138827 -592285 0 0.418661 
-35434.4 -552658 0 0.670179 
-17813.3 -584241 0 0.692552 
117075 -541904 0 1.10794 
217093 -601712 0 1.09822 
-164872 -668535 0 0.444428 
-204614 -653581 0 0.401882 
-42946.9 -688774 0 0.695646 
-135787 -697413 0 0.454309 
-58428.6 -665248 0 0.687247 
98756.3 -696184 0 0.888188 
30210.7 -671099 0 0.85816 
230394 -685255 0 0.989606 
26443.5 -652229 0 0.774729 
159369 -665880 0 0.968757 
-51.9095 -602438 0 0.714595 
91611.4 -582673 0 1.02888 
-16185 -627495 0 0.671588 
87384.8 -622767 0 0.967274 
176384 -627265 0 1.05148 
285115 -658654 0 1.03849 
338781 -634728 0 0.991652 
377037 -599547 0 0.955338 
414425 -646454 0 0.74397 
207164 -435033 0 1.36403 
268295 -504966 0 1.44713 
185865 -471286 0 1.35679 
226290 -496311 0 1.36429 
293674 -583542 0 1.21553 
157653 -513571 0 1.29396 
241666 -556686 0 1.23843 
498403 -521358 0 1.10689 
524733 -472028 0 0.863005 
577752 -532618 0 1.08814 
589389 -455174 0 0.756113 
615007 -544819 0 1.10872 
634439 -573962 0 1.15096 
389692 -705769 0 0.864952 
461124 -721863 0 0.982606 
460890 -761045 0 1.02678 
471287 -789508 0 1.04099 
539500 -757745 0 0.992747 
558244 -811740 0 1.04023 
593930 -785591 0 0.929339 
518188 -703502 0 1.08999 
625373 -735402 0 0.971563 
622367 -777346 0 0.896255 
679915 -719009 0 0.956052 
670315 -805179 0 0.70047 
708174 -805604 0 0.590204 
711229 -741272 0 0.746015 
517971 -623644 0 1.46946 
662832 -655322 0 1.0499 
594114 -677562 0 1.18771 
559159 -651942 0 1.26577 
770712 -657232 0 0.840377 
567733 -954465 0 0.891926 
591921 -869093 0 0.962763 
638299 -910616 0 0.805255 
729660 -972752 0 0.701659 
641202 -977686 0 0.835625 
693629 -889093 0 0.694689 
824940 -836674 0 0.413222 
780641 -844678 0 0.506763 
807872 -904511 0 0.497492 
755805 -911925 0 0.574209 
766279 -879663 0 0.412421 
759722 -949326 0 0.576221 
792033 -1.00059e+006 0 0.449263 
713479 -1.01385e+006 0 0.718687 
-513647 -691907 0 0.370392 
-436555 -724502 0 0.546537 
-416144 -678622 0 0.706306 
-387060 -686338 0 0.742141 
-352817 -739189 0 0.684924 
-432127 -794215 0 0.283618 
-388254 -806889 0 0.301084 
-333862 -705561 0 0.391743 
-254076 -758107 0 0.330639 
-362266 -843574 0 0.655966 
-270101 -674489 0 1.03398 
-293270 -678960 0 0.376914 
-242843 -816069 0 0.318849 
-125871 -767118 0 0.411965 
-146665 -722840 0 0.412846 
-57147.3 -803956 0 0.723835 
54258.3 -782979 0 0.75861 
-7870.04 -755253 0 0.671371 
1869.18 -779316 0 0.655106 
-28677.2 -722458 0 0.681739 
57242.3 -725228 0 0.827945 
83833.3 -791125 0 0.761719 
165010 -772130 0 0.845866 
138661 -728719 0 0.87613 
206799 -752820 0 0.955654 
219920 -802784 0 0.845043 
152504 -792496 0 0.796873 
141960 -813805 0 0.763868 
219717 -829499 0 0.918478 
270441 -781943 0 0.945619 
277264 -827708 0 1.00722 
-308371 -885939 0 0.296624 
-203926 -881750 0 0.312776 
-165587 -850071 0 0.350414 
-214695 -846839 0 0.315102 
-182976 -818275 0 0.365762 
-89310.3 -873783 0 0.508574 
-45914.2 -843743 0 0.682949 
17699.8 -866493 0 0.579506 
85677.4 -927764 0 0.499162 
185039 -992031 0 0.829682 
278473 -986975 0 1.05586 
284582 -877559 0 1.00072 
89708.2 -877891 0 0.603492 
110197 -856838 0 0.66893 
186792 -905397 0 0.795068 
195613 -863391 0 0.827123 
270777 -943346 0 1.02624 
354377 -783352 0 1.01667 
334485 -800933 0 1.03176 
396752 -881804 0 1.08949 
345716 -835316 0 1.05048 
399318 -971435 0 1.07067 
344163 -887301 0 1.08097 
341889 -940633 0 1.07987 
325287 -709044 0 0.999062 
257505 -736214 0 0.968911 
301145 -730313 0 0.9494 
392609 -770944 0 0.973506 
433387 -834202 0 1.07186 
463322 -903479 0 1.06552 
506510 -853853 0 1.02786 
511905 -914382 0 0.902772 
442039 -947278 0 1.11445 
-412375 -905339 0 0.237361 
-449866 -928699 0 0.207956 
-412406 -988724 0 0.233599 
-458031 -997321 0 0.211278 
-417823 -1.06038e+006 0 0.246803 
-344098 -1.05882e+006 0 0.276914 
-347604 -991945 0 0.270773 
-335658 -1.10007e+006 0 0.284143 
-265513 -1.06221e+006 0 0.297598 
-283834 -996525 0 0.292608 
-261150 -970200 0 0.298743 
-307481 -954103 0 0.287373 
-185019 -1.04992e+006 0 0.313736 
-85053.6 -1.02143e+006 0 0.535964 
72787.6 -1.01173e+006 0 0.566751 
243331 -1.09404e+006 0 1.00841 
277009 -1.08768e+006 0 1.09111 
396028 -1.09699e+006 0 1.07621 
-222708 -921917 0 0.308129 
-97393.6 -909187 0 0.4304 
-187995 -956107 0 0.26695 
-144415 -979138 0 0.342042 
-26612.6 -932674 0 0.636594 
-64362 -976017 0 0.559335 
7699.01 -965248 0 0.522601 
61388.5 -956199 0 0.33912 
315530 -1.06607e+006 0 1.22388 
310517 -1.0317e+006 0 1.15307 
368789 -1.00097e+006 0 1.122 
428153 -1.03098e+006 0 1.00652 
489385 -983891 0 0.899438 
478452 -1.04726e+006 0 0.922227 
491331 -1.09859e+006 0 1.01913 
545907 -1.03111e+006 0 0.93436 
601756 -1.03503e+006 0 0.899581 
663926 -1.0591e+006 0 0.803135 
582935 -1.08076e+006 0 0.909908 
699893 -1.04568e+006 0 0.770082 
607568 -1.09774e+006 0 0.863728 
709975 -1.12003e+006 0 0.846003 
-258310 -1.12786e+006 0 0.301555 
-228987 -1.09888e+006 0 0.304644 
-131932 -1.12554e+006 0 0.41263 
-172175 -1.15444e+006 0 0.396648 
-46331.9 -1.14965e+006 0 0.735249 
-83121.6 -1.10251e+006 0 0.61255 
8021.76 -1.12615e+006 0 0.765817 
-97074.9 -1.07185e+006 0 0.407224 
2112.66 -1.07143e+006 0 0.70253 
75786 -1.11869e+006 0 0.773362 
10101.5 -1.10288e+006 0 0.738629 
23256.2 -1.1716e+006 0 0.80075 
105478 -1.20004e+006 0 0.830947 
-83952.1 -1.18707e+006 0 0.536511 
-72160.9 -1.22108e+006 0 0.665837 
32084.4 -1.20738e+006 0 0.821419 
217060 -1.21757e+006 0 0.829654 
145922 -1.1443e+006 0 0.824296 
119986 -1.16839e+006 0 0.820499 
-9698.7 -1.23536e+006 0 0.871717 
-11924.4 -1.25964e+006 0 0.77607 
107088 -1.23677e+006 0 0.840629 
64967.6 -1.22794e+006 0 0.853509 
177396 -1.16687e+006 0 0.889802 
140297 -1.25521e+006 0 0.825621 
286660 -1.22627e+006 0 0.789919 
17664.5 -1.03576e+006 0 0.628555 
128023 -1.08155e+006 0 0.769951 
238139 -1.1473e+006 0 0.943398 
302489 -1.18997e+006 0 0.909689 
367763 -1.24062e+006 0 0.961631 
331771 -1.19104e+006 0 0.956464 
365395 -1.15896e+006 0 1.03089 
339758 -1.17005e+006 0 0.99753 
428412 -1.1605e+006 0 1.03588 
491321 -1.23796e+006 0 0.957176 
465417 -1.17923e+006 0 0.970754 
503129 -1.15947e+006 0 0.917994 
539134 -1.20076e+006 0 0.976103 
582546 -1.26813e+006 0 0.976465 
618319 -1.3907e+006 0 0.965491 
627882 -1.31719e+006 0 0.903782 
601196 -1.35201e+006 0 0.957209 
606285 -1.29268e+006 0 0.913306 
609864 -1.4117e+006 0 0.996871 
678790 -1.46419e+006 0 0.919265 
670300 -1.40181e+006 0 0.887623 
650004 -1.38439e+006 0 0.913024 
395602 -1.27677e+006 0 1.03349 
499015 -1.27115e+006 0 1.09872 
443820 -1.29508e+006 0 1.05508 
570368 -1.36347e+006 0 1.00425 
480986 -1.31884e+006 0 1.06006 
536342 -1.32767e+006 0 1.01322 
490896 -1.34742e+006 0 1.17146 
379367 -1.33691e+006 0 1.16677 
503576 -1.38658e+006 0 1.19194 
414490 -1.33015e+006 0 1.13784 
589381 -1.45995e+006 0 1.07372 
613107 -1.55854e+006 0 1.18886 
431023 -1.42954e+006 0 1.34113 
492449 -1.51432e+006 0 1.14781 
565838 -1.57378e+006 0 1.12282 
480811 -1.43624e+006 0 1.20747 
543538 -1.48696e+006 0 1.12341 
538022 -1.58089e+006 0 1.09247 
537744 -1.62222e+006 0 1.04913 
188649 -1.29994e+006 0 0.827279 
249519 -1.36051e+006 0 0.811093 
271540 -1.28545e+006 0 0.614009 
241367 -1.30195e+006 0 0.682876 
328592 -1.38421e+006 0 1.32429 
325776 -1.31092e+006 0 0.95972 
366701 -1.37893e+006 0 1.30121 
318646 -1.44217e+006 0 1.14705 
301804 -1.40988e+006 0 0.969869 
390807 -1.46808e+006 0 1.56744 
437412 -1.54793e+006 0 1.0983 
508009 -1.63938e+006 0 1.01229 
426504 -1.60747e+006 0 1.02152 
418671 -1.6437e+006 0 0.975349 
464711 -1.60886e+006 0 1.02176 
446075 -1.6749e+006 0 0.946324 
575288 -1.66009e+006 0 1.01422 
537690 -1.68226e+006 0 0.971653 
491829 -1.66492e+006 0 0.967986 
475001 -1.71561e+006 0 0.912525 
448076 -1.73369e+006 0 0.893306 
-285168 -1.2166e+006 0 0.303526 
-234929 -1.20167e+006 0 0.307594 
-151577 -1.28389e+006 0 0.42512 
-152905 -1.32141e+006 0 0.427022 
-221037 -1.17269e+006 0 0.350248 
-144284 -1.23291e+006 0 0.422463 
-74344.8 -1.29011e+006 0 0.681565 
49945.7 -1.2912e+006 0 0.852239 
-3724.86 -1.38089e+006 0 0.897619 
17108.4 -1.33553e+006 0 0.878531 
85226.5 -1.3369e+006 0 0.887857 
81303.6 -1.37925e+006 0 0.908913 
163084 -1.35743e+006 0 0.85338 
244264 -1.43753e+006 0 0.889029 
242343 -1.49099e+006 0 0.927936 
200764 -1.44702e+006 0 0.985538 
323514 -1.55861e+006 0 1.0714 
306268 -1.61588e+006 0 0.974388 
353224 -1.53369e+006 0 1.18316 
390311 -1.68539e+006 0 0.944716 
162704 -1.45961e+006 0 0.938487 
189658 -1.50797e+006 0 1.04426 
185810 -1.53551e+006 0 1.06211 
275853 -1.55935e+006 0 0.984237 
229958 -1.58792e+006 0 0.988699 
-273843 -1.27834e+006 0 0.308126 
-119818 -1.37331e+006 0 0.434048 
-286956 -1.35304e+006 0 0.310938 
-210355 -1.39436e+006 0 0.405971 
-219062 -1.44609e+006 0 0.40687 
-168486 -1.39469e+006 0 0.427764 
-117887 -1.42128e+006 0 0.435282 
-50390.1 -1.44098e+006 0 0.816332 
1649.24 -1.45457e+006 0 0.915784 
-67389.4 -1.53858e+006 0 0.836856 
-137789 -1.5035e+006 0 0.432618 
-95500.8 -1.46799e+006 0 0.589527 
-13034.2 -1.50871e+006 0 0.89761 
68291.9 -1.49962e+006 0 0.922898 
91071.1 -1.45282e+006 0 0.940569 
51232.6 -1.44828e+006 0 0.907981 
31566.2 -1.55969e+006 0 0.936148 
44097.7 -1.53723e+006 0 0.932158 
144526 -1.53214e+006 0 0.976415 
-15499.2 -1.60874e+006 0 0.95593 
-2020.89 -1.64124e+006 0 0.944888 
76525.9 -1.59825e+006 0 0.945093 
195495 -1.62192e+006 0 1.09688 
129279 -1.63325e+006 0 0.997548 
280091 -1.65527e+006 0 0.921408 
365572 -1.7296e+006 0 0.905759 
391010 -1.71818e+006 0 0.918792 
413363 -1.76977e+006 0 0.863349 
297589 -1.74134e+006 0 0.881286 
327532 -1.72888e+006 0 0.896509 
98035 -1.66515e+006 0 0.954419 
232595 -1.71873e+006 0 0.96613 
203023 -1.67583e+006 0 1.10558 
273096 -1.78662e+006 0 0.857933 
153664 -1.72485e+006 0 1.00577 
106251 -1.70985e+006 0 0.956961 
220033 -1.78309e+006 0 1.11157 
171865 -1.72079e+006 0 1.00832 
369078 -1.78443e+006 0 0.876311 
320635 -1.79765e+006 0 0.863257 
328758 -1.83639e+006 0 0.851633 
316171 -1.85429e+006 0 0.845362 
292510 -1.85648e+006 0 0.842299 
247524 -1.8337e+006 0 0.84148 
239716 -1.86371e+006 0 0.834916 
-2174.93 -1.69144e+006 0 0.962545 
-28655.9 -1.69845e+006 0 0.962276 
31216.6 -1.822e+006 0 0.967227 
-12907.6 -1.78477e+006 0 0.965453 
103131 -1.88122e+006 0 0.95468 
43658.9 -1.74239e+006 0 0.952102 
78692.1 -1.73278e+006 0 0.954437 
111070 -1.82451e+006 0 0.956259 
116310 -1.78653e+006 0 0.957458 
155339 -1.78583e+006 0 1.00512 
197066 -1.86134e+006 0 1.11206 
257320 -1.89365e+006 0 0.83186 
254386 -1.91372e+006 0 0.828739 
264102 -1.93815e+006 0 0.826247 
177286 -1.91654e+006 0 1.12874 
206541 -1.9579e+006 0 1.11319 
149317 -1.96456e+006 0 1.0374 
191092 -2.00971e+006 0 1.085 
221172 -2.07352e+006 0 1.09438 
-613672 -782516 0 0.515228 
-520091 -832368 0 0.297864 
-513201 -773080 0 0.317542 
-556933 -754973 0 0.226471 
-556206 -860205 0 0.214662 
-514366 -933398 0 0.278304 
-582424 -924100 0 -0.0383461 
-561301 -1.03222e+006 0 0.397768 
-611616 -1.00678e+006 0 0.282312 
-618331 -1.13617e+006 0 0.477074 
-644641 -1.06412e+006 0 0.407641 
-676260 -1.00446e+006 0 0.388265 
-741039 -1.10617e+006 0 0.472189 
-704470 -1.06676e+006 0 0.450427 
-738688 -1.18862e+006 0 0.283432 
-687831 -1.14884e+006 0 0.491444 
-607051 -1.21726e+006 0 0.538851 
-681285 -1.23854e+006 0 0.538722 
-708054 -1.28511e+006 0 0.314126 
-663270 -1.37741e+006 0 0.592674 
-643753 -1.32452e+006 0 0.580343 
-801906 -1.43709e+006 0 0.326585 
-731631 -1.37172e+006 0 0.328064 
-569414 -1.47196e+006 0 1.24203 
-468393 -1.60282e+006 0 0.699058 
-394308 -1.64682e+006 0 0.316761 
-389697 -1.71714e+006 0 0.317412 
-358767 -1.68989e+006 0 0.317283 
-313052 -1.74085e+006 0 0.31771 
-308915 -1.66753e+006 0 0.317271 
-330565 -1.69495e+006 0 0.3174 
-204656 -1.67702e+006 0 0.409055 
-268165 -1.65873e+006 0 0.317366 
-213225 -1.64813e+006 0 0.4089 
-233798 -1.61611e+006 0 0.353898 
-142322 -1.68817e+006 0 0.428855 
-91302 -1.60387e+006 0 0.840724 
-98299.8 -1.68399e+006 0 0.843396 
-66760 -1.66778e+006 0 0.888664 
-551884 -1.11714e+006 0 0.565346 
-512677 -1.14308e+006 0 0.652795 
-577651 -1.30728e+006 0 0.527423 
-485404 -1.47699e+006 0 0.810722 
-464427 -1.07092e+006 0 0.242642 
-484291 -1.10602e+006 0 0.253191 
-417230 -1.18575e+006 0 0.2809 
-360991 -1.14351e+006 0 0.284074 
-472652 -1.23115e+006 0 0.302378 
-494965 -1.19632e+006 0 0.711944 
-399688 -1.29969e+006 0 0.301082 
-485212 -1.2721e+006 0 0.759543 
-474118 -1.30504e+006 0 0.774262 
-502275 -1.33224e+006 0 0.781226 
-408372 -1.38194e+006 0 0.307973 
-322775 -1.49941e+006 0 0.314791 
-428277 -1.4495e+006 0 0.331405 
-360339 -1.54828e+006 0 0.315433 
-396701 -1.51678e+006 0 0.31434 
-350762 -1.56838e+006 0 0.315882 
-329912 -1.58727e+006 0 0.316323 
-286465 -1.44223e+006 0 0.313983 
-174242 -1.59081e+006 0 0.460597 
-255969 -1.58424e+006 0 0.316808 
-208147 -1.59917e+006 0 0.408898 
-140781 -1.58948e+006 0 0.431165 
-59100 -1.74036e+006 0 0.963464 
14960 -1.88246e+006 0 0.967005 
86644.9 -1.98357e+006 0 0.952624 
124541 -2.04772e+006 0 1.03687 
170036 -2.08952e+006 0 1.03698 
-587693 -545254 0 -0.0942922 
-527197 -573140 0 -0.579497 
-568161 -579701 0 -0.204837 
-602019 -612091 0 0.186844 
-703100 -592441 0 0.891421 
-716753 -572477 0 0.930329 
-585007 -660191 0 0.303047 
-637530 -707957 0 0.805004 
-582021 -713136 0 0.39404 
-648479 -644193 0 0.631996 
-719768 -656012 0 1.10254 
-687334 -710528 0 1.35179 
-799022 -611900 0 1.13558 
-757757 -750600 0 1.02271 
-729065 -726776 0 1.14914 
-779302 -664688 0 1.12573 
-831796 -692647 0 0.966994 
-835854 -207144 0 0.726988 
-789017 -193073 0 0.663808 
-814349 -293721 0 1.16076 
-769486 -262200 0 0.862138 
-741028 -346185 0 0.971614 
-798328 -401198 0 1.31583 
-851556 -340032 0 1.61429 
-886084 -338073 0 1.87663 
-726835 -406313 0 0.84699 
-663525 -306594 0 0.447815 
-605214 -478592 0 0.173612 
-689804 -470655 0 0.330605 
-655967 -415963 0 0.302965 
-648466 -372445 0 0.332554 
-664665 -519962 0 0.294268 
-708721 -534983 0 0.867249 
-769255 -519870 0 1.07717 
-778057 -469412 0 1.09477 
-808720 -441652 0 1.30148 
-872886 -453359 0 1.76647 
-923297 -477907 0 1.82587 
-862719 -536425 0 1.3195 
-826332 -558138 0 1.24689 
-920067 -545829 0 1.314 
-872068 -640878 0 1.02312 
-934311 -603940 0 1.04677 
-918430 -748947 0 0.729491 
-965462 -635831 0 0.853745 
-989007 -679402 0 0.702154 
-914014 -694261 0 0.835454 
-1.00163e+006 -743201 0 0.567736 
-1.00693e+006 -821827 0 0.432603 
-1.0637e+006 -788192 0 0.592611 
-656734 -860501 0 0.465979 
-644572 -821528 0 0.547368 
-664268 -925424 0 0.357842 
-694454 -814803 0 0.748482 
-764644 -864927 0 0.635787 
-749490 -951296 0 0.512861 
-759661 -829970 0 0.728633 
-836616 -809450 0 0.725233 
-778936 -804526 0 0.79224 
-806716 -770966 0 0.84067 
-864696 -904548 0 0.530412 
-913831 -818243 0 0.612442 
-1.06623e+006 -874974 0 0.432115 
-1.17358e+006 -897454 0 0.475172 
-1.11603e+006 -825502 0 0.748846 
-1.12334e+006 -944675 0 0.363833 
-1.27311e+006 -884016 0 0.538245 
-1.24069e+006 -846571 0 0.699945 
-1.25715e+006 -952654 0 0.465573 
-1.16961e+006 -763951 0 0.657062 
-1.18293e+006 -824630 0 0.592922 
-1.24888e+006 -783650 0 0.607191 
-1.32087e+006 -631153 0 0.937926 
-1.32043e+006 -797763 0 0.609815 
-1.27078e+006 -712105 0 0.649095 
-1.3043e+006 -927808 0 0.534226 
-1.37131e+006 -842958 0 0.610924 
-859164 -1.16285e+006 0 0.332975 
-893323 -1.11043e+006 0 0.267067 
-804411 -1.13955e+006 0 0.395695 
-806280 -1.07576e+006 0 0.39926 
-931294 -1.12517e+006 0 0.0791252 
-804533 -1.00816e+006 0 0.434024 
-878920 -1.05272e+006 0 0.327872 
-990246 -1.06047e+006 0 -0.0507102 
-885090 -1.02541e+006 0 0.343718 
-983248 -1.09856e+006 0 -0.0945831 
-899373 -1.00537e+006 0 0.345312 
-949376 -948895 0 0.277432 
-928087 -952260 0 0.385921 
-939031 -994090 0 0.211316 
-1.0376e+006 -1.03323e+006 0 -0.0450501 
-1.04241e+006 -957461 0 0.216861 
-967179 -944890 0 0.245815 
-983968 -901648 0 0.310869 
-1.33138e+006 -1.00041e+006 0 0.56618 
-1.36421e+006 -969923 0 0.409504 
-1.29315e+006 -1.00945e+006 0 0.480635 
-1.35718e+006 -1.15366e+006 0 0.4153 
-1.28435e+006 -1.14267e+006 0 0.437598 
-1.321e+006 -1.15886e+006 0 0.505884 
-1.37426e+006 -1.2374e+006 0 0.439407 
-1.36333e+006 -1.27425e+006 0 0.463365 
-1.23403e+006 -1.01893e+006 0 0.445828 
-1.21567e+006 -1.0482e+006 0 0.143581 
-1.19619e+006 -1.08334e+006 0 0.142271 
-1.26756e+006 -1.08463e+006 0 0.395629 
-768799 -1.25822e+006 0 0.286164 
-830833 -1.3089e+006 0 0.43828 
-823922 -1.38471e+006 0 0.482157 
-832608 -1.2273e+006 0 0.392635 
-923162 -1.27107e+006 0 0.195402 
-883022 -1.37016e+006 0 0.441663 
-971211 -1.22649e+006 0 0.0292217 
-1.06119e+006 -1.25309e+006 0 0.0932073 
-931014 -1.36778e+006 0 0.257587 
-975530 -1.41609e+006 0 0.431563 
-989396 -1.31647e+006 0 0.288375 
-1.04027e+006 -1.39732e+006 0 0.444863 
-1.01415e+006 -1.37455e+006 0 0.395566 
-1.10671e+006 -1.2839e+006 0 0.395385 
-1.08035e+006 -1.37589e+006 0 0.500307 
-1.10503e+006 -1.3378e+006 0 0.557351 
-1.13989e+006 -1.31273e+006 0 0.436194 
-902552 -1.20688e+006 0 0.274652 
-914949 -1.17857e+006 0 0.201768 
-999704 -1.18021e+006 0 -0.0579176 
-948824 -1.15733e+006 0 0.0130325 
-1.03781e+006 -1.14845e+006 0 -0.33982 
-1.09622e+006 -1.19279e+006 0 -0.0706011 
-1.16413e+006 -999562 0 0.211753 
-1.10022e+006 -1.04501e+006 0 -0.163062 
-1.07271e+006 -1.13028e+006 0 -0.659743 
-1.18026e+006 -1.24195e+006 0 0.268025 
-1.13377e+006 -1.13445e+006 0 -0.147499 
-1.17967e+006 -1.13934e+006 0 0.0414084 
-1.22715e+006 -1.16301e+006 0 0.199667 
-1.29208e+006 -1.24024e+006 0 0.49912 
-1.22181e+006 -1.28548e+006 0 0.390823 
-1.24616e+006 -1.30896e+006 0 0.314546 
-1.15366e+006 -1.36641e+006 0 0.589215 
-1.21658e+006 -1.35924e+006 0 0.638639 
-1.28381e+006 -1.32215e+006 0 0.543523 
-1.08677e+006 -1.43218e+006 0 0.618727 
-922558 -1.4349e+006 0 0.308616 
-884004 -1.45616e+006 0 0.360033 
-849994 -1.46474e+006 0 0.508253 
-918212 -335508 0 2.08553 
-902750 -244961 0 1.10968 
-938957 -239151 0 1.05024 
-976761 -241696 0 0.955571 
-969987 -299419 0 1.5491 
-1.01232e+006 -265061 0 1.09748 
-946457 -386890 0 3.07969 
-987420 -359012 0 1.97825 
-1.01201e+006 -473747 0 1.43245 
-976803 -487421 0 1.5602 
-958970 -437742 0 2.172 
-1.00432e+006 -409026 0 1.56872 
-1.20929e+006 -569720 0 0.918383 
-1.1963e+006 -629880 0 0.534605 
-1.16192e+006 -538881 0 0.977171 
-1.04972e+006 -436826 0 1.31338 
-1.07891e+006 -418747 0 1.21324 
-1.14696e+006 -441417 0 1.09153 
-1.19721e+006 -302238 0 0.857054 
-1.1239e+006 -322896 0 1.19414 
-1.05049e+006 -264364 0 1.06605 
-1.0464e+006 -345532 0 1.24742 
-1.09609e+006 -715905 0 0.874981 
-1.05366e+006 -695587 0 0.724683 
-1.03884e+006 -613812 0 0.894887 
-992702 -552391 0 1.07857 
-1.07287e+006 -540007 0 1.13046 
-1.17399e+006 -700297 0 0.730653 
-1.12008e+006 -646844 0 0.997169 
-1.10101e+006 -592787 0 1.05104 
-1.15209e+006 -598196 0 1.01333 
-1.26421e+006 -290486 0 1.15166 
-1.30949e+006 -286164 0 0.739433 
-1.32758e+006 -384527 0 0.990412 
-1.37463e+006 -400360 0 1.00478 
-1.41528e+006 -339523 0 0.793107 
-1.38632e+006 -293247 0 0.93149 
-1.46839e+006 -431493 0 0.915149 
-1.50165e+006 -296477 0 0.774014 
-1.43459e+006 -243909 0 0.692543 
-1.49059e+006 -217599 0 0.533475 
-1.56691e+006 -246715 0 0.497129 
-1.63837e+006 -268356 0 1.03928 
-1.63915e+006 -206721 0 0.612107 
-1.56152e+006 -168189 0 0.447758 
-1.72088e+006 -454671 0 1.71804 
-1.69768e+006 -413600 0 2.81752 
-1.65086e+006 -362399 0 1.79967 
-1.60519e+006 -351425 0 1.36026 
-1.70042e+006 -484864 0 1.40609 
-1.65751e+006 -442272 0 1.96034 
-1.58358e+006 -419519 0 1.34491 
-1.65662e+006 -545285 0 0.644927 
-1.67814e+006 -513146 0 1.03888 
-1.62941e+006 -485193 0 1.32656 
-1.61282e+006 -537999 0 0.858903 
-1.51428e+006 -402457 0 0.97809 
-1.54986e+006 -498844 0 0.969044 
-1.52163e+006 -572388 0 0.754495 
-1.45151e+006 -481958 0 0.653306 
-1.40405e+006 -484071 0 0.800531 
-1.35852e+006 -497606 0 1.07287 
-1.28287e+006 -417528 0 0.903606 
-1.24371e+006 -474024 0 0.93632 
-1.2896e+006 -651832 0 0.777008 
-1.5797e+006 -601321 0 0.399755 
-1.48519e+006 -624150 0 0.689714 
-1.38704e+006 -588493 0 1.05706 
-1.48343e+006 -692401 0 0.674154 
-1.38407e+006 -724675 0 0.679352 
-1.39911e+006 -888616 0 0.395266 
-1.12961e+006 507032 0 0.468765 
-1.12141e+006 458688 0 0.58971 
-1.15e+006 539780 0 0.508105 
-1.1999e+006 542222 0 0.624446 
-1.17712e+006 553011 0 0.546239 
-987083 234196 0 1.71721 
-1.03412e+006 236812 0 1.26904 
-993332 306601 0 0.801596 
-1.11331e+006 336889 0 0.425355 
-1.0863e+006 227429 0 0.942383 
-1.04598e+006 513777 0 -0.143834 
-999018 455006 0 -0.400477 
-1.05752e+006 433547 0 0.035873 
-1.00463e+006 394286 0 -0.0503169 
-1.07361e+006 482888 0 0.0846933 
-1.03223e+006 387040 0 0.0607927 
-1.07604e+006 375882 0 0.1311 
-1.14807e+006 424509 0 1.06935 
-1.22587e+006 484164 0 0.963792 
-1.23985e+006 530971 0 0.627683 
-1.26828e+006 536905 0 0.49572 
-1.20321e+006 430461 0 1.63208 
-1.20036e+006 398146 0 2.18683 
-1.24646e+006 414176 0 1.32963 
-1.2101e+006 367205 0 1.667 
-1.26186e+006 442595 0 0.972165 
-1.28643e+006 403488 0 0.783492 
-1.32707e+006 464920 0 0.125592 
-1.28516e+006 471239 0 0.581865 
-1.33856e+006 526012 0 -0.0549539 
-1.35159e+006 588929 0 -0.065445 
-1.30684e+006 524287 0 0.300841 
-1.37742e+006 548196 0 -0.0641086 
-1.43348e+006 516810 0 -0.175971 
-1.42451e+006 570202 0 -0.0326935 
-1.43593e+006 608325 0 0.111859 
-1.48036e+006 582727 0 0.0766877 
-1.51266e+006 552129 0 0.0831369 
-1.50967e+006 465818 0 -0.199498 
-1.54289e+006 504799 0 -0.108384 
-1.46941e+006 473885 0 -0.253273 
-1.38321e+006 442193 0 -0.648778 
-1.43055e+006 471680 0 -0.35605 
-1.44357e+006 408842 0 -0.329821 
-1.45301e+006 358849 0 -0.174632 
-1.55766e+006 437256 0 -0.288867 
-1.5952e+006 411837 0 -0.228937 
-1.54465e+006 346878 0 -0.133877 
-837925 -59738 0 -0.561827 
-826143 -110492 0 0.0301123 
-863761 -143734 0 0.335818 
-912347 -117092 0 0.329982 
-900132 -183774 0 0.630859 
-968888 -72651.4 0 0.528233 
-903812 -6847.09 0 0.376439 
-934915 -30240.4 0 0.427758 
-905286 -73118.5 0 0.17147 
-942006 -127400 0 0.492472 
-1.02442e+006 -127167 0 0.777925 
-951701 -158743 0 0.623379 
-990586 -182544 0 0.768431 
-1.09485e+006 -141250 0 1.02408 
-1.10234e+006 -221477 0 1.17755 
-1.15657e+006 -225383 0 1.09049 
-1.18877e+006 -155324 0 0.761442 
-1.22232e+006 -227213 0 1.19319 
-964391 -8414.28 0 0.625968 
-1.00191e+006 -17818.5 0 0.760358 
-1.03231e+006 -11437.4 0 0.839258 
-1.05886e+006 -19251.6 0 0.873051 
-1.0912e+006 -40406.4 0 0.986549 
-1.16696e+006 -73236.4 0 0.88601 
-1.19713e+006 -74148.7 0 0.743324 
-1.14184e+006 -94963 0 1.03097 
-1.25834e+006 -110271 0 1.08792 
-1.28549e+006 -182847 0 1.2044 
-1.34129e+006 -63943.7 0 0.574886 
-1.34056e+006 -178757 0 0.865741 
-1.35863e+006 -232126 0 0.970693 
-1.40372e+006 -201530 0 0.599219 
-1.40781e+006 -135231 0 0.51269 
-1.38326e+006 -84222.8 0 0.727082 
-1.44797e+006 -108199 0 0.526675 
-1.42055e+006 -32282.1 0 0.72141 
-1.22883e+006 -10244.5 0 0.741163 
-1.2701e+006 -12667.2 0 0.773357 
-1.22522e+006 -46389.3 0 0.737882 
-1.31746e+006 -22680.3 0 0.670325 
-1.35181e+006 33160.1 0 0.378658 
-1.46731e+006 27774 0 -0.00636772 
-1.40706e+006 19378.8 0 0.235706 
-1.41537e+006 50762.6 0 0.381651 
-1.39946e+006 69842.8 0 0.268848 
-1.23136e+006 25273 0 0.74785 
-1.25772e+006 45249.8 0 0.476478 
-1.30692e+006 28364.8 0 0.434884 
-1.26159e+006 91335.3 0 0.500543 
-1.30859e+006 87359.9 0 0.51452 
-1.33744e+006 109992 0 0.407752 
-1.40945e+006 103574 0 0.185225 
-1.38975e+006 138656 0 0.0987323 
-1.28581e+006 196314 0 0.559593 
-1.31465e+006 182791 0 0.460375 
-1.3111e+006 269929 0 0.548023 
-1.40607e+006 196966 0 0.224637 
-1.35577e+006 195226 0 0.479066 
-1.33886e+006 240795 0 0.504662 
-1.34385e+006 317077 0 0.415911 
-1.32346e+006 361179 0 0.418405 
-1.32079e+006 387949 0 0.379267 
-1.4216e+006 326304 0 0.0146254 
-1.15363e+006 21355 0 0.794535 
-1.09231e+006 28978.7 0 1.05155 
-1.10462e+006 118154 0 0.847809 
-1.06416e+006 64768.9 0 1.09784 
-1.19137e+006 67451.1 0 0.559954 
-1.16296e+006 109357 0 0.642234 
-1.18565e+006 163907 0 0.677486 
-1.2263e+006 114356 0 0.563018 
-1.26206e+006 206683 0 0.62667 
-1.27582e+006 146019 0 0.642537 
-1.13752e+006 200322 0 0.78272 
-1.16128e+006 231185 0 0.720329 
-1.14485e+006 263861 0 0.746917 
-1.21423e+006 241964 0 0.719853 
-1.21822e+006 214844 0 0.636156 
-1.25016e+006 289748 0 0.884681 
-1.16187e+006 300405 0 0.867057 
-1.2088e+006 323268 0 1.20481 
-1.51932e+006 289389 0 -0.124135 
-1.40097e+006 284598 0 0.176273 
-1.46112e+006 238305 0 0.252551 
-1.53093e+006 232519 0 -0.0717848 
-1.65308e+006 299460 0 0.499366 
-1.61678e+006 330123 0 0.179072 
-1.52388e+006 114155 0 0.337815 
-1.48754e+006 169203 0 -0.0506331 
-1.48193e+006 142418 0 -0.0504459 
-1.57835e+006 206169 0 0.224282 
-1.70734e+006 134082 0 -0.334605 
-1.7285e+006 67373.3 0 -0.414028 
-1.59493e+006 73561 0 -0.057361 
-1.61099e+006 108773 0 -0.0511887 
-1.65203e+006 113751 0 -0.12174 
-1.6555e+006 221607 0 0.353474 
-1.63169e+006 182497 0 0.117312 
-1.71215e+006 298571 0 0.968946 
-1.69647e+006 349817 0 0.716604 
-1.75463e+006 379641 0 0.853603 
-1.64608e+006 394772 0 0.0134606 
-1.71291e+006 397382 0 0.427987 
-1.80601e+006 384620 0 0.540143 
-1.78195e+006 110415 0 -0.866578 
-1.82225e+006 118066 0 1.23343 
-1.82486e+006 198610 0 0.194519 
-1.76118e+006 151354 0 -0.516757 
-1.74119e+006 210627 0 0.0505074 
-1.76836e+006 195177 0 -0.481213 
-1.80105e+006 243428 0 0.239114 
-1.81334e+006 283993 0 0.439376 
-1.75902e+006 254216 0 0.518209 
-1.77713e+006 317281 0 0.759224 
-1.71723e+006 250021 0 0.989766 
-1.75853e+006 341600 0 1.50761 
-1.78166e+006 603049 0 -0.416272 
-1.77832e+006 550870 0 -0.662644 
-1.73836e+006 443454 0 -0.0487606 
-1.7594e+006 502609 0 -0.689159 
-1.7867e+006 506711 0 -0.502345 
-1.78955e+006 449702 0 0.00929181 
-1.82578e+006 374501 0 0.468286 
-1.79833e+006 359622 0 0.740494 
-1.82922e+006 316693 0 0.478267 
-1.85912e+006 252166 0 0.294075 
-1.87318e+006 206529 0 0.274077 
-1.87073e+006 167420 0 0.361564 
-1.9057e+006 160149 0 0.239646 
-1.81539e+006 66420.2 0 0.214056 
-1.86589e+006 43109.7 0 0.30978 
-1.8757e+006 120712 0 0.289733 
-1.91674e+006 107739 0 0.277943 
-1.92948e+006 68933.6 0 0.273087 
-1.96303e+006 52474.7 0 0.261692 
-1.82387e+006 -7529.32 0 0.0838072 
-1.8665e+006 -25953.7 0 0.148302 
-1.89131e+006 -45057.1 0 0.273033 
-1.92253e+006 15310.5 0 0.226729 
-1.93222e+006 -20957.4 0 0.345032 
-1.96609e+006 -17247.6 0 0.357718 
-1.57489e+006 658372 0 -0.0161434 
-1.63291e+006 644997 0 0.0282514 
-1.67107e+006 642912 0 -0.105578 
-1.60204e+006 650596 0 0.0123352 
-1.54585e+006 619021 0 0.26791 
-1.56609e+006 568611 0 0.127598 
-1.6129e+006 610521 0 0.14808 
-1.60623e+006 582214 0 0.275001 
-1.58986e+006 530549 0 0.251599 
-1.61203e+006 509885 0 0.303832 
-1.62488e+006 560727 0 0.45951 
-1.63831e+006 515509 0 1.03615 
-1.63286e+006 481614 0 -0.601018 
-1.6422e+006 455085 0 -0.408696 
-1.67593e+006 441085 0 -0.148405 
-1.70343e+006 450055 0 -0.139811 
-1.73517e+006 528724 0 -1.1921 
-1.70328e+006 543560 0 -0.490694 
-1.65146e+006 590465 0 0.162366 
-1.71718e+006 583242 0 -0.517899 
-1.76859e+006 625196 0 -0.32619 
-1.51399e+006 -6867.72 0 0.104313 
-1.52329e+006 51100.2 0 0.393841 
-1.51926e+006 -61713.9 0 0.412085 
-1.56992e+006 12609.3 0 0.307978 
-1.66e+006 11589.6 0 -0.101471 
-1.66025e+006 -53973.5 0 0.347344 
-1.62407e+006 -89102.6 0 0.476057 
-1.57567e+006 -105895 0 0.369995 
-1.50114e+006 -117815 0 0.694145 
-1.96102e+006 -64416.1 0 0.391177 
-1.98636e+006 -175564 0 0.301428 
-1.96474e+006 -339586 0 0.975658 
-1.95384e+006 -305158 0 0.728915 
-1.98799e+006 -239993 0 0.488506 
-2.0031e+006 -268713 0 0.598987 
-2.02861e+006 -227542 0 0.601755 
-2.01128e+006 -351309 0 1.18224 
-2.00527e+006 -419082 0 1.35403 
-1.97555e+006 -415949 0 1.4694 
-1.98453e+006 -467997 0 1.37199 
-1.75385e+006 7173.67 0 -0.151192 
-1.72357e+006 -45754.4 0 -0.0583238 
-1.7912e+006 -33877.9 0 -0.00534838 
-1.74826e+006 -109263 0 0.252627 
-1.80701e+006 -119766 0 0.169945 
-1.84541e+006 -80036.9 0 0.182558 
-1.84635e+006 -124479 0 0.0349181 
-1.88639e+006 -122831 0 0.096505 
-1.94506e+006 -103479 0 0.20887 
-1.9182e+006 -139573 0 0.145556 
-1.91923e+006 -182230 0 0.131229 
-1.94961e+006 -220482 0 0.389549 
-1.67971e+006 -114228 0 0.45517 
-1.72119e+006 -188602 0 0.304158 
-1.79382e+006 -211571 0 -0.105294 
-1.82868e+006 -173955 0 -0.00932963 
-1.85941e+006 -182733 0 0.102767 
-1.86658e+006 -242368 0 -0.12905 
-1.889e+006 -259906 0 0.0198522 
-1.87743e+006 -305086 0 0.329199 
-1.8909e+006 -388311 0 2.14519 
-1.85826e+006 -366249 0 1.53942 
-1.84856e+006 -400705 0 2.27261 
-1.83737e+006 -407293 0 2.28752 
-1.839e+006 -427703 0 2.87942 
-1.87291e+006 -476618 0 1.41005 
-1.9039e+006 -439453 0 1.85095 
-1.83684e+006 -465442 0 1.23826 
-1.88634e+006 -216542 0 0.0500827 
-1.91656e+006 -256181 0 0.324626 
-1.92065e+006 -294508 0 0.618433 
-1.92304e+006 -340238 0 1.18269 
-1.94433e+006 -394046 0 1.57267 
-1.93002e+006 -440724 0 1.69841 
-1.83206e+006 -251138 0 -0.305351 
-1.83468e+006 -295607 0 -0.544412 
-1.82771e+006 -326638 0 0.313785 
-1.79682e+006 -312854 0 0.207054 
-1.75201e+006 -328483 0 0.982388 
-1.75753e+006 -364625 0 1.32433 
-1.82532e+006 -386026 0 1.64616 
-1.78128e+006 -392378 0 1.31218 
-1.80492e+006 -421972 0 1.21431 
-1.81733e+006 -441438 0 0.691578 
-1.76879e+006 -439346 0 1.17207 
-1.77085e+006 -470830 0 0.867956 
-1.65201e+006 -799670 0 -0.294275 
-1.63813e+006 -837798 0 0.0892232 
-1.69871e+006 -902731 0 0.531805 
-1.6914e+006 -852501 0 0.265416 
-1.69262e+006 -830717 0 0.146438 
-1.68086e+006 -797720 0 -0.140152 
-1.68311e+006 -756221 0 -0.366134 
-1.70504e+006 -722694 0 -0.045372 
-1.72499e+006 -699254 0 0.228624 
-1.67013e+006 -711169 0 -0.274441 
-1.82799e+006 -760002 0 1.44872 
-1.75787e+006 -801721 0 0.673233 
-1.80959e+006 -661565 0 2.84327 
-1.83054e+006 -585851 0 0.633977 
-1.87958e+006 -547451 0 1.1139 
-1.83068e+006 -540096 0 0.687231 
-1.83658e+006 -514094 0 0.81033 
-1.69446e+006 -658817 0 -0.454002 
-1.75393e+006 -643538 0 0.522103 
-1.73547e+006 -609481 0 -0.438248 
-1.73821e+006 -576255 0 -0.0942634 
-1.74945e+006 -541347 0 0.341633 
-1.78997e+006 -533974 0 0.461712 
-1.76706e+006 -510629 0 0.585785 
-1.78888e+006 -488614 0 0.612837 
-1.86369e+006 -657899 0 1.88799 
-1.91562e+006 -513736 0 1.31863 
-1.94661e+006 -494462 0 1.40472 
-1.92236e+006 -604133 0 1.48727 
-1.92259e+006 -569123 0 1.38807 
-1.97986e+006 -499300 0 1.3352 
-1.96249e+006 -581140 0 1.27537 
-1.94846e+006 -622501 0 1.33955 
-1.88942e+006 -670459 0 1.71243 
-1.79753e+006 -877947 0 0.883115 
-1.83281e+006 -823639 0 1.08035 
-1.88375e+006 -762874 0 1.31531 
-1.89789e+006 -806120 0 1.07673 
-1.8007e+006 -908137 0 0.881757 
-1.83493e+006 -907666 0 0.884499 
-1.86322e+006 -911386 0 0.913673 
-1.82753e+006 -938720 0 0.846753 
-1.91771e+006 -668968 0 1.53595 
-1.9333e+006 -698332 0 1.73655 
-1.8327e+006 -952943 0 0.8464 
-1.85373e+006 -1.00748e+006 0 0.842634 
-1.77045e+006 -974085 0 0.853248 
-1.71915e+006 -974330 0 0.781379 
-1.7409e+006 -1.00262e+006 0 0.85988 
-1.69532e+006 -1.03471e+006 0 0.897464 
-1.68316e+006 -1.02255e+006 0 0.884189 
-1.65137e+006 -1.04101e+006 0 0.958343 
-1.73335e+006 -1.15285e+006 0 0.958683 
-1.66583e+006 -1.07408e+006 0 0.977073 
-1.57567e+006 -1.09267e+006 0 0.935696 
-1.60458e+006 -1.05662e+006 0 1.09523 
-1.65031e+006 -1.08657e+006 0 0.977281 
-1.62874e+006 -1.1095e+006 0 1.08698 
-1.58191e+006 -1.12166e+006 0 0.890869 
-1.58619e+006 -1.14873e+006 0 0.843015 
-1.58448e+006 -1.189e+006 0 0.77845 
-1.55734e+006 -1.21694e+006 0 0.644426 
-1.65989e+006 -181166 0 0.514193 
-1.70125e+006 -245677 0 0.818457 
-1.7146e+006 -309291 0 1.17209 
-1.65135e+006 -592676 0 0.151767 
-1.62916e+006 -655419 0 -0.0302332 
-1.60963e+006 -764879 0 -0.049942 
-1.57941e+006 -722802 0 0.112111 
-1.46524e+006 -793474 0 0.719309 
-1.50282e+006 -834686 0 0.641668 
-1.55471e+006 -835319 0 0.442051 
-1.59187e+006 -863322 0 0.394461 
-1.64527e+006 -944210 0 0.649631 
-1.55769e+006 -933892 0 0.534613 
-1.51339e+006 -977890 0 0.581344 
-1.44247e+006 -1.05777e+006 0 0.546979 
-1.48407e+006 -1.16674e+006 0 0.605574 
