Total_HG
4
X
Y
Z
LN_THG
-309307 -179191 0 3.4012 
-142510 -54493.3 0 3.15188 
-946457 -386890 0 3.08007 
-273008 -31297.5 0 3.06479 
782144 221657 0 2.97041 
-1.839e+006 -427703 0 2.88032 
-1.80959e+006 -661565 0 2.84384 
-1.69768e+006 -413600 0 2.81791 
2.1468e+006 -291618 0 2.50634 
2.07539e+006 -143121 0 2.45445 
-1.20036e+006 398146 0 2.18717 
1.26821e+006 -306207 0 2.18053 
-1.8909e+006 -388311 0 2.14535 
2.11302e+006 -212200 0 2.13417 
779065 -473572 0 2.11118 
1.73784e+006 -180220 0 2.09063 
1.478e+006 -1.53767e+006 0 2.04495 
2.064e+006 -678884 0 1.88737 
2.26985e+006 453288 0 1.77326 
278307 -438821 0 1.76965 
1.72545e+006 -1.43003e+006 0 1.74378 
-987083 234196 0 1.7174 
-688726 11670.4 0 1.66959 
1.12464e+006 -585794 0 1.66799 
439808 3587.55 0 1.60084 
-1.00432e+006 -409026 0 1.56862 
390807 -1.46808e+006 0 1.56754 
-152526 406898 0 1.56601 
1.79567e+006 -1.10733e+006 0 1.55272 
1.33956e+006 -1.0817e+006 0 1.5433 
1.54413e+006 -237966 0 1.53583 
1.61017e+006 -1.52282e+006 0 1.52072 
-1.75853e+006 341600 0 1.50796 
2.11816e+006 -444097 0 1.50743 
1.2328e+006 -367202 0 1.47476 
114038 -356035 0 1.47151 
517971 -623644 0 1.46956 
-182353 340740 0 1.45629 
61497.5 -391620 0 1.44628 
-1.87291e+006 -476618 0 1.40997 
991727 -270980 0 1.40695 
-1.70042e+006 -484864 0 1.4061 
-349581 262213 0 1.40364 
302178 256487 0 1.40118 
1.07358e+006 -550506 0 1.39128 
1.13466e+006 -648419 0 1.37877 
1.02986e+006 -556763 0 1.37346 
-631098 10501.4 0 1.35841 
2.3016e+006 358564 0 1.35501 
-687334 -710528 0 1.35196 
328592 -1.38421e+006 0 1.32439 
1.80975e+006 -1.08833e+006 0 1.31909 
681921 -1.59147e+006 0 1.30291 
815914 -550124 0 1.28371 
-1.83684e+006 -465442 0 1.23821 
-1.82225e+006 118066 0 1.23402 
315530 -1.06607e+006 0 1.22392 
1.21999e+006 -1.05042e+006 0 1.22378 
1.19504e+006 -462554 0 1.22289 
-470697 -566368 0 1.18314 
1.47622e+006 -1.04615e+006 0 1.16692 
282353 208003 0 1.16471 
310855 53349.9 0 1.16207 
2.31227e+006 550429 0 1.15845 
671333 -1.54087e+006 0 1.15808 
-122390 27810.6 0 1.15688 
437412 -1.54793e+006 0 1.09828 
-1.60458e+006 -1.05662e+006 0 1.09527 
2.12794e+006 129005 0 1.06471 
1.74505e+006 -1.06735e+006 0 1.05779 
2.13319e+006 -112234 0 1.05082 
1.72508e+006 -1.0839e+006 0 1.04872 
231416 258940 0 1.04732 
-1.63831e+006 515509 0 1.03674 
2.35288e+006 497438 0 1.03496 
1.85607e+006 -1.70623e+006 0 1.02507 
895864 -364230 0 1.02137 
1.13274e+006 -1.34854e+006 0 1.00796 
-259485 -142529 0 0.993252 
-1.71723e+006 250021 0 0.989969 
1.0872e+006 -457705 0 0.989894 
1.0776e+006 -322219 0 0.987681 
289685 334766 0 0.972671 
301804 -1.40988e+006 0 0.969794 
255332 -353051 0 0.956319 
-976761 -241696 0 0.955511 
2.33189e+006 129069 0 0.943906 
829490 -413858 0 0.921079 
248238 297891 0 0.920283 
22889.9 -314872 0 0.913246 
2.11941e+006 -168461 0 0.908259 
461228 -180849 0 0.897669 
977922 -1.00244e+006 0 0.87576 
1.24049e+006 -574389 0 0.865355 
909601 -608248 0 0.844795 
1.23793e+006 -400712 0 0.837248 
2.0546e+006 -274943 0 0.822354 
1.15494e+006 -1.48512e+006 0 0.81978 
1.40569e+006 -1.1887e+006 0 0.818215 
1.59236e+006 -1.37462e+006 0 0.812795 
2.11097e+006 -299316 0 0.81093 
2.16133e+006 361009 0 0.806476 
319434 379932 0 0.795252 
1.25729e+006 -270592 0 0.788457 
1.19272e+006 -339143 0 0.781616 
2.30009e+006 80072.1 0 0.77242 
2.03339e+006 -79864.5 0 0.767791 
-813585 14969.5 0 0.761973 
-1.77713e+006 317281 0 0.759075 
854979 -678324 0 0.754713 
986100 -180059 0 0.749906 
1.92656e+006 -781647 0 0.745265 
414425 -646454 0 0.743888 
1.34466e+006 -407852 0 0.741937 
1.1455e+006 -1.41551e+006 0 0.737164 
961284 -107385 0 0.736252 
2.46251e+006 543191 0 0.729961 
518587 403769 0 0.727549 
1.95171e+006 -420626 0 0.724936 
1.32297e+006 -476191 0 0.71784 
1.16694e+006 -593248 0 0.713464 
2.33655e+006 416290 0 0.71295 
2.23687e+006 -94761.6 0 0.710496 
500513 -99046.5 0 0.702662 
2.05505e+006 144715 0 0.698135 
2.46681e+006 465598 0 0.695644 
2.05663e+006 197590 0 0.691045 
-1.81733e+006 -441438 0 0.690895 
2.02112e+006 106019 0 0.683097 
1.20531e+006 -659904 0 0.683097 
1.51611e+006 -1.30003e+006 0 0.666444 
2.20226e+006 211362 0 0.662688 
2.02961e+006 -155683 0 0.662688 
2.31372e+006 225415 0 0.647103 
2.2396e+006 126000 0 0.647103 
-1.83054e+006 -585851 0 0.633769 
2.02998e+006 -757715 0 0.631378 
-543167 14744.3 0 0.625938 
271540 -1.28545e+006 0 0.613942 
-1.78888e+006 -488614 0 0.612804 
1.37332e+006 -488939 0 0.604316 
2.18325e+006 117652 0 0.598836 
1.13685e+006 -349014 0 0.598287 
917414 260194 0 0.597737 
351794 -16998.7 0 0.5946 
670692 25728.1 0 0.593473 
908818 220318 0 0.583332 
1.19503e+006 -1.41201e+006 0 0.576613 
958216 -199826 0 0.57287 
915487 107514 0 0.565314 
548678 174096 0 0.561364 
2.21806e+006 117153 0 0.559616 
1.22822e+006 -543332 0 0.546183 
2.13194e+006 287758 0 0.542324 
925855 146230 0 0.519032 
2.30249e+006 118367 0 0.518794 
2.05309e+006 -6646.13 0 0.518794 
521617 134178 0 0.51399 
1.19021e+006 -245406 0 0.505944 
1.02881e+006 -766950 0 0.49774 
1.57623e+006 -195170 0 0.480201 
719108 -1.64324e+006 0 0.476234 
702735 352434 0 0.474035 
964942 -1.0451e+006 0 0.471814 
-47586 -311371 0 0.468502 
1.12618e+006 -518862 0 0.464583 
2.35511e+006 655345 0 0.463734 
1.94739e+006 218584 0 0.463734 
1.9939e+006 -781700 0 0.459322 
2.03114e+006 -211418 0 0.447886 
1.69259e+006 -349299 0 0.444686 
1.20897e+006 -147693 0 0.438536 
1.96764e+006 163600 0 0.438255 
-1.11331e+006 336889 0 0.425268 
629936 358949 0 0.42415 
2.40499e+006 637423 0 0.405465 
2.34335e+006 587534 0 0.405465 
2.27891e+006 196323 0 0.400913 
2.40557e+006 483244 0 0.388658 
889397 -673186 0 0.379805 
2.32486e+006 308035 0 0.378436 
1.9577e+006 -82334.3 0 0.378436 
1.1223e+006 -972120 0 0.371564 
1.98437e+006 -631164 0 0.369423 
1.79033e+006 -457694 0 0.368732 
2.0066e+006 22660.2 0 0.364643 
1.07931e+006 -287556 0 0.357674 
1.70423e+006 -1.50064e+006 0 0.355995 
877092 27465.9 0 0.346564 
61388.5 -956199 0 0.33904 
1.15679e+006 -416499 0 0.329304 
2.38755e+006 363590 0 0.3257 
1.32589e+006 -953680 0 0.322084 
2.24005e+006 187955 0 0.314811 
897057 -1.6708e+006 0 0.296394 
2.22933e+006 264222 0 0.29267 
-1.8757e+006 120712 0 0.289605 
2.10484e+006 -51348.8 0 0.270027 
-103103 -353226 0 0.268576 
2.07402e+006 53172.6 0 0.250759 
2.09544e+006 -400864 0 0.248577 
2.33996e+006 63659.7 0 0.24686 
2.0449e+006 -51943.2 0 0.24686 
2.03971e+006 294100 0 0.239017 
2.21023e+006 351505 0 0.231112 
-556933 -754973 0 0.226418 
-453580 -531721 0 0.223144 
1.85534e+006 -1.62717e+006 0 0.215515 
-1.79682e+006 -312854 0 0.207014 
2.28507e+006 51620.8 0 0.194744 
-447508 -459864 0 0.190744 
1.21616e+006 -488561 0 0.18648 
1.97972e+006 -134652 0 0.173953 
2.18054e+006 7816.14 0 0.165514 
999529 200305 0 0.164467 
1.74773e+006 -351308 0 0.14842 
749306 132997 0 0.144108 
645384 153957 0 0.140544 
-142730 -433400 0 0.131116 
1.21907e+006 -1.2384e+006 0 0.131028 
-1.07604e+006 375882 0 0.131028 
865052 298360 0 0.118716 
2.10458e+006 -244113 0 0.113329 
603074 268528 0 0.112199 
1.12626e+006 -457273 0 0.107014 
2.00644e+006 306262 0 0.10436 
732331 -1.57771e+006 0 0.10436 
574881 67389.2 0 0.0970145 
1.45664e+006 -1.4106e+006 0 0.0936725 
944830 -302139 0 0.0880109 
1.0108e+006 -732299 0 0.0676586 
2.2759e+006 127993 0 0.0582689 
-452141 -496206 0 0.0582689 
-1.74119e+006 210627 0 0.050503 
1.65363e+006 -1.00492e+006 0 0.0487902 
1.88244e+006 -662971 0 0.0363319 
2.28036e+006 291972 0 0.0295588 
2.11883e+006 46999.6 0 0.0295588 
2.24255e+006 395494 0 0.0198026 
2.39539e+006 73125.4 0 0.0198026 
2.06854e+006 -82082.3 0 0.0198026 
-1.889e+006 -259906 0 0.0198026 
2.29168e+006 633381 0 0.00995033 
800281 -249495 0 0.00448991 
996032 -667339 0 -0.0120726 
604060 146459 0 -0.0161294 
-582424 -924100 0 -0.038429 
2.17812e+006 163105 0 -0.0512933 
846069 -456153 0 -0.0534008 
1.47058e+006 -1.35826e+006 0 -0.0668879 
914407 76606.7 0 -0.0751572 
1.27981e+006 -479158 0 -0.0888312 
-587693 -545254 0 -0.0943107 
-1.73821e+006 -576255 0 -0.0943107 
806249 57754 0 -0.10387 
-1.79382e+006 -211571 0 -0.105361 
813385 136126 0 -0.116534 
867599 249657 0 -0.11991 
2.16176e+006 -67544.8 0 -0.127833 
-1.54465e+006 346878 0 -0.133874 
953750 -488482 0 -0.14387 
1.69282e+006 -273887 0 -0.162519 
-1.10022e+006 -1.04501e+006 0 -0.163107 
2.01438e+006 203884 0 -0.168419 
1.3743e+006 -110919 0 -0.183623 
541935 -56158.3 0 -0.201178 
2.04795e+006 -335405 0 -0.204813 
908259 -760179 0 -0.221894 
972833 -533228 0 -0.240798 
1.00982e+006 -624253 0 -0.271809 
-1.67013e+006 -711169 0 -0.274437 
-1.55766e+006 437256 0 -0.288883 
-1.65201e+006 -799670 0 -0.294371 
768225 -408941 0 -0.301105 
1.49943e+006 -1.3977e+006 0 -0.316082 
2.32059e+006 13910 0 -0.356675 
640218 66781.1 0 -0.35753 
-1.68311e+006 -756221 0 -0.366244 
923505 -54923.7 0 -0.380163 
1.96013e+006 -1.86797e+006 0 -0.393191 
825874 218971 0 -0.395503 
-999018 455006 0 -0.400478 
955380 213241 0 -0.426178 
348967 61845.5 0 -0.429493 
434007 41461.4 0 -0.430141 
-1.01119e+006 524584 0 -0.430783 
-1.73547e+006 -609481 0 -0.438505 
460583 341719 0 -0.45413 
-1.69446e+006 -658817 0 -0.45413 
643425 213273 0 -0.469617 
-1.76836e+006 195177 0 -0.481429 
943865 -626690 0 -0.510826 
1.1349e+006 -172373 0 -0.513033 
-1.76118e+006 151354 0 -0.51676 
-1.83468e+006 -295607 0 -0.544727 
1.17341e+006 -106360 0 -0.552363 
-837925 -59738 0 -0.562119 
953290 -715868 0 -0.569161 
-527197 -573140 0 -0.579818 
908095 -546953 0 -0.581606 
485958 -24416.1 0 -0.597029 
-1.63286e+006 481614 0 -0.60148 
903763 -193310 0 -0.611445 
1.11477e+006 -44480.6 0 -0.637164 
-1.38321e+006 442193 0 -0.648939 
1.95682e+006 245682 0 -0.653926 
-1.07271e+006 -1.13028e+006 0 -0.659906 
920366 -427352 0 -0.711311 
1.33007e+006 -156338 0 -0.719491 
965913 -38159.8 0 -0.75367 
394390 202003 0 -0.764519 
-947083 445212 0 -0.776529 
691967 127836 0 -0.786938 
1.27103e+006 -149122 0 -0.808089 
1.16046e+006 113098 0 -0.811931 
-1.78195e+006 110415 0 -0.867024 
1.24577e+006 82217.7 0 -0.886732 
1.1756e+006 -14615.9 0 -0.923131 
320080 182460 0 -0.929743 
1.26714e+006 123581 0 -0.936493 
1.19487e+006 152706 0 -0.957113 
1.20094e+006 -179728 0 -0.971477 
1.04284e+006 -388419 0 -0.996959 
1.32065e+006 -206499 0 -0.999672 
804196 -40250.9 0 -1.00581 
566470 268847 0 -1.00616 
1.02944e+006 -450853 0 -1.01335 
502995 252020 0 -1.03519 
779908 170757 0 -1.05901 
532102 26092.8 0 -1.12655 
1.10961e+006 64271.1 0 -1.1332 
-1.73517e+006 528724 0 -1.19237 
1.21705e+006 -45004.5 0 -1.20731 
928175 -252229 0 -1.21066 
367219 171651 0 -1.23752 
867081 -70145.8 0 -1.23823 
459535 163277 0 -1.28388 
426077 252300 0 -1.30795 
444426 209624 0 -1.33344 
414465 283074 0 -1.37394 
381975 129955 0 -1.44115 
1.23998e+006 -4223.45 0 -1.45243 
472570 68083.6 0 -1.52887 
1.26623e+006 -59178.5 0 -1.5588 
